

================================================================
== Vivado HLS Report for 'sc_FIFO_DCT_data_out'
================================================================
* Date:           Tue Jan 17 02:08:11 2017

* Version:        2016.3 (Build 1682563 on Mon Oct 10 19:41:59 MDT 2016)
* Project:        DCT_base
* Solution:       DCT
* Product family: artix7
* Target device:  xc7a35ticpg236-1l


================================================================
== Performance Estimates
================================================================
+ Timing (ns): 
    * Summary: 
    +--------+-------+----------+------------+
    |  Clock | Target| Estimated| Uncertainty|
    +--------+-------+----------+------------+
    |ap_clk  |  10.00|      7.09|        1.25|
    +--------+-------+----------+------------+

+ Latency (clock cycles): 
    * Summary: 
    +-----+-----+-----+-----+---------+
    |  Latency  |  Interval | Pipeline|
    | min | max | min | max |   Type  |
    +-----+-----+-----+-----+---------+
    |  134|  134|  134|  134|   none  |
    +-----+-----+-----+-----+---------+

    + Detail: 
        * Instance: 
        N/A

        * Loop: 
        +-------------+-----+-----+----------+-----------+-----------+------+----------+
        |             |  Latency  | Iteration|  Initiation Interval  | Trip |          |
        |  Loop Name  | min | max |  Latency |  achieved |   target  | Count| Pipelined|
        +-------------+-----+-----+----------+-----------+-----------+------+----------+
        |- Loop 1     |  132|  132|       132|          -|          -|  inf |    no    |
        | + Loop 1.1  |  128|  128|         2|          -|          -|    64|    no    |
        +-------------+-----+-----+----------+-----------+-----------+------+----------+



================================================================
== Utilization Estimates
================================================================
* Summary: 
+-----------------+---------+-------+-------+-------+
|       Name      | BRAM_18K| DSP48E|   FF  |  LUT  |
+-----------------+---------+-------+-------+-------+
|DSP              |        -|      -|      -|      -|
|Expression       |        -|      -|      0|     12|
|FIFO             |        -|      -|      -|      -|
|Instance         |        -|      -|      -|      -|
|Memory           |        -|      -|      -|      -|
|Multiplexer      |        -|      -|      -|     10|
|Register         |        -|      -|     21|      -|
+-----------------+---------+-------+-------+-------+
|Total            |        0|      0|     21|     22|
+-----------------+---------+-------+-------+-------+
|Available        |      100|     90|  41600|  20800|
+-----------------+---------+-------+-------+-------+
|Utilization (%)  |        0|      0|   ~0  |   ~0  |
+-----------------+---------+-------+-------+-------+

+ Detail: 
    * Instance: 
    N/A

    * DSP48: 
    N/A

    * Memory: 
    N/A

    * FIFO: 
    N/A

    * Expression: 
    +--------------------+----------+-------+---+----+------------+------------+
    |    Variable Name   | Operation| DSP48E| FF| LUT| Bitwidth P0| Bitwidth P1|
    +--------------------+----------+-------+---+----+------------+------------+
    |i_1_fu_158_p2       |     +    |      0|  0|   7|           7|           1|
    |exitcond_fu_152_p2  |   icmp   |      0|  0|   3|           7|           8|
    |tmp_2_fu_169_p2     |    xor   |      0|  0|   2|           1|           2|
    +--------------------+----------+-------+---+----+------------+------------+
    |Total               |          |      0|  0|  12|          15|          11|
    +--------------------+----------+-------+---+----+------------+------------+

    * Multiplexer: 
    +------------+----+-----------+-----+-----------+
    |    Name    | LUT| Input Size| Bits| Total Bits|
    +------------+----+-----------+-----+-----------+
    |ap_NS_fsm   |   1|          7|    1|          7|
    |dout_blk_n  |   1|          2|    1|          2|
    |i_reg_130   |   7|          2|    7|         14|
    |s_done      |   1|          3|    1|          3|
    +------------+----+-----------+-----+-----------+
    |Total       |  10|         14|   10|         26|
    +------------+----+-----------+-----+-----------+

    * Register: 
    +-------------+---+----+-----+-----------+
    |     Name    | FF| LUT| Bits| Const Bits|
    +-------------+---+----+-----+-----------+
    |ap_CS_fsm    |  7|   0|    7|          0|
    |i_1_reg_184  |  7|   0|    7|          0|
    |i_reg_130    |  7|   0|    7|          0|
    +-------------+---+----+-----+-----------+
    |Total        | 21|   0|   21|          0|
    +-------------+---+----+-----+-----------+



================================================================
== Interface
================================================================
* Summary: 
+-------------------------+-----+-----+------------+-----------------------+--------------+
|        RTL Ports        | Dir | Bits|  Protocol  |     Source Object     |    C Type    |
+-------------------------+-----+-----+------------+-----------------------+--------------+
|ap_clk                   |  in |    1| ap_ctrl_hs | sc_FIFO_DCT::data_out | return value |
|ap_rst                   |  in |    1| ap_ctrl_hs | sc_FIFO_DCT::data_out | return value |
|dout_din                 | out |    8|   ap_fifo  |          dout         |    pointer   |
|dout_full_n              |  in |    1|   ap_fifo  |          dout         |    pointer   |
|dout_write               | out |    1|   ap_fifo  |          dout         |    pointer   |
|sc_FIFO_DCT_mC_address0  | out |    6|  ap_memory |     sc_FIFO_DCT_mC    |     array    |
|sc_FIFO_DCT_mC_ce0       | out |    1|  ap_memory |     sc_FIFO_DCT_mC    |     array    |
|sc_FIFO_DCT_mC_q0        |  in |   32|  ap_memory |     sc_FIFO_DCT_mC    |     array    |
|s_DCT                    |  in |    1|   ap_none  |         s_DCT         |    pointer   |
|s_done                   | out |    1|   ap_vld   |         s_done        |    pointer   |
|s_done_ap_vld            | out |    1|   ap_vld   |         s_done        |    pointer   |
+-------------------------+-----+-----+------------+-----------------------+--------------+

