INFO: [SIM 2] *************** CSIM start ***************
WARNING: [SIM 51] HLS only supports CLANG compiler in Linux.
INFO: [SIM 4] CSIM will launch GCC as the compiler.
   Compiling ../../../../main.cpp in debug mode
../../../../main.cpp: In function 'int sc_main(int, char**)':
../../../../main.cpp:94:19: error: no match for call to '(sc_core::sc_in<sc_dt::sc_uint<8> >) (int8*&)'
C:/Xilinx/Vivado_HLS/2016.3/win64/tools/systemc/include/sysc/communication/sc_signal_ports.h:75:7: note: candidates are:
C:/Xilinx/Vivado_HLS/2016.3/win64/tools/systemc/include/sysc/communication/sc_signal_ports.h:166:10: note: void sc_core::sc_in<DATA>::operator()(const in_if_type&) [with T = sc_dt::sc_uint<8>, sc_core::sc_in<DATA>::in_if_type = sc_core::sc_signal_in_if<sc_dt::sc_uint<8> >]
C:/Xilinx/Vivado_HLS/2016.3/win64/tools/systemc/include/sysc/communication/sc_signal_ports.h:166:10: note:   no known conversion for argument 1 from 'int8* {aka sc_dt::sc_uint<8>*}' to 'const in_if_type& {aka const sc_core::sc_signal_in_if<sc_dt::sc_uint<8> >&}'
C:/Xilinx/Vivado_HLS/2016.3/win64/tools/systemc/include/sysc/communication/sc_signal_ports.h:175:10: note: void sc_core::sc_in<DATA>::operator()(sc_core::sc_in<DATA>::in_port_type&) [with T = sc_dt::sc_uint<8>, sc_core::sc_in<DATA>::in_port_type = sc_core::sc_port<sc_core::sc_signal_in_if<sc_dt::sc_uint<8> >, 1, (sc_core::sc_port_policy)0u>]
C:/Xilinx/Vivado_HLS/2016.3/win64/tools/systemc/include/sysc/communication/sc_signal_ports.h:175:10: note:   no known conversion for argument 1 from 'int8* {aka sc_dt::sc_uint<8>*}' to 'sc_core::sc_in<sc_dt::sc_uint<8> >::in_port_type& {aka sc_core::sc_port<sc_core::sc_signal_in_if<sc_dt::sc_uint<8> >, 1, (sc_core::sc_port_policy)0u>&}'
C:/Xilinx/Vivado_HLS/2016.3/win64/tools/systemc/include/sysc/communication/sc_signal_ports.h:184:10: note: void sc_core::sc_in<DATA>::operator()(sc_core::sc_in<DATA>::inout_port_type&) [with T = sc_dt::sc_uint<8>, sc_core::sc_in<DATA>::inout_port_type = sc_core::sc_port<sc_core::sc_signal_inout_if<sc_dt::sc_uint<8> >, 1, (sc_core::sc_port_policy)0u>]
C:/Xilinx/Vivado_HLS/2016.3/win64/tools/systemc/include/sysc/communication/sc_signal_ports.h:184:10: note:   no known conversion for argument 1 from 'int8* {aka sc_dt::sc_uint<8>*}' to 'sc_core::sc_in<sc_dt::sc_uint<8> >::inout_port_type& {aka sc_core::sc_port<sc_core::sc_signal_inout_if<sc_dt::sc_uint<8> >, 1, (sc_core::sc_port_policy)0u>&}'
../../../../main.cpp:97:25: error: no match for call to '(sc_core::sc_out<sc_dt::sc_uint<8>*>) (sc_core::sc_signal<sc_dt::sc_uint<8> >&)'
C:/Xilinx/Vivado_HLS/2016.3/win64/tools/systemc/include/sysc/communication/sc_signal_ports.h:1694:7: note: candidates are:
C:/Xilinx/Vivado_HLS/2016.3/win64/tools/systemc/include/sysc/communication/sc_port.h:270:10: note: void sc_core::sc_port_b<IF>::operator()(IF&) [with IF = sc_core::sc_signal_inout_if<sc_dt::sc_uint<8>*>]
C:/Xilinx/Vivado_HLS/2016.3/win64/tools/systemc/include/sysc/communication/sc_port.h:270:10: note:   no known conversion for argument 1 from 'sc_core::sc_signal<sc_dt::sc_uint<8> >' to 'sc_core::sc_signal_inout_if<sc_dt::sc_uint<8>*>&'
C:/Xilinx/Vivado_HLS/2016.3/win64/tools/systemc/include/sysc/communication/sc_port.h:279:10: note: void sc_core::sc_port_b<IF>::operator()(sc_core::sc_port_b<IF>::port_type&) [with IF = sc_core::sc_signal_inout_if<sc_dt::sc_uint<8>*>, sc_core::sc_port_b<IF>::port_type = sc_core::sc_port_b<sc_core::sc_signal_inout_if<sc_dt::sc_uint<8>*> >]
C:/Xilinx/Vivado_HLS/2016.3/win64/tools/systemc/include/sysc/communication/sc_port.h:279:10: note:   no known conversion for argument 1 from 'sc_core::sc_signal<sc_dt::sc_uint<8> >' to 'sc_core::sc_port_b<sc_core::sc_signal_inout_if<sc_dt::sc_uint<8>*> >::port_type& {aka sc_core::sc_port_b<sc_core::sc_signal_inout_if<sc_dt::sc_uint<8>*> >&}'
../../../../main.cpp:108:19: error: no match for call to '(sc_core::sc_out<sc_dt::sc_uint<8> >) (sc_core::sc_signal<bool, (sc_core::sc_writer_policy)0u>&)'
C:/Xilinx/Vivado_HLS/2016.3/win64/tools/systemc/include/sysc/communication/sc_signal_ports.h:1694:7: note: candidates are:
C:/Xilinx/Vivado_HLS/2016.3/win64/tools/systemc/include/sysc/communication/sc_port.h:270:10: note: void sc_core::sc_port_b<IF>::operator()(IF&) [with IF = sc_core::sc_signal_inout_if<sc_dt::sc_uint<8> >]
C:/Xilinx/Vivado_HLS/2016.3/win64/tools/systemc/include/sysc/communication/sc_port.h:270:10: note:   no known conversion for argument 1 from 'sc_core::sc_signal<bool, (sc_core::sc_writer_policy)0u>' to 'sc_core::sc_signal_inout_if<sc_dt::sc_uint<8> >&'
C:/Xilinx/Vivado_HLS/2016.3/win64/tools/systemc/include/sysc/communication/sc_port.h:279:10: note: void sc_core::sc_port_b<IF>::operator()(sc_core::sc_port_b<IF>::port_type&) [with IF = sc_core::sc_signal_inout_if<sc_dt::sc_uint<8> >, sc_core::sc_port_b<IF>::port_type = sc_core::sc_port_b<sc_core::sc_signal_inout_if<sc_dt::sc_uint<8> > >]
C:/Xilinx/Vivado_HLS/2016.3/win64/tools/systemc/include/sysc/communication/sc_port.h:279:10: note:   no known conversion for argument 1 from 'sc_core::sc_signal<bool, (sc_core::sc_writer_policy)0u>' to 'sc_core::sc_port_b<sc_core::sc_signal_inout_if<sc_dt::sc_uint<8> > >::port_type& {aka sc_core::sc_port_b<sc_core::sc_signal_inout_if<sc_dt::sc_uint<8> > >&}'
../../../../main.cpp:118:19: error: no match for call to '(sc_core::sc_in<sc_dt::sc_uint<8> >) (sc_core::sc_signal<bool, (sc_core::sc_writer_policy)0u>&)'
C:/Xilinx/Vivado_HLS/2016.3/win64/tools/systemc/include/sysc/communication/sc_signal_ports.h:75:7: note: candidates are:
C:/Xilinx/Vivado_HLS/2016.3/win64/tools/systemc/include/sysc/communication/sc_signal_ports.h:166:10: note: void sc_core::sc_in<DATA>::operator()(const in_if_type&) [with T = sc_dt::sc_uint<8>, sc_core::sc_in<DATA>::in_if_type = sc_core::sc_signal_in_if<sc_dt::sc_uint<8> >]
C:/Xilinx/Vivado_HLS/2016.3/win64/tools/systemc/include/sysc/communication/sc_signal_ports.h:166:10: note:   no known conversion for argument 1 from 'sc_core::sc_signal<bool, (sc_core::sc_writer_policy)0u>' to 'const in_if_type& {aka const sc_core::sc_signal_in_if<sc_dt::sc_uint<8> >&}'
C:/Xilinx/Vivado_HLS/2016.3/win64/tools/systemc/include/sysc/communication/sc_signal_ports.h:175:10: note: void sc_core::sc_in<DATA>::operator()(sc_core::sc_in<DATA>::in_port_type&) [with T = sc_dt::sc_uint<8>, sc_core::sc_in<DATA>::in_port_type = sc_core::sc_port<sc_core::sc_signal_in_if<sc_dt::sc_uint<8> >, 1, (sc_core::sc_port_policy)0u>]
C:/Xilinx/Vivado_HLS/2016.3/win64/tools/systemc/include/sysc/communication/sc_signal_ports.h:175:10: note:   no known conversion for argument 1 from 'sc_core::sc_signal<bool, (sc_core::sc_writer_policy)0u>' to 'sc_core::sc_in<sc_dt::sc_uint<8> >::in_port_type& {aka sc_core::sc_port<sc_core::sc_signal_in_if<sc_dt::sc_uint<8> >, 1, (sc_core::sc_port_policy)0u>&}'
C:/Xilinx/Vivado_HLS/2016.3/win64/tools/systemc/include/sysc/communication/sc_signal_ports.h:184:10: note: void sc_core::sc_in<DATA>::operator()(sc_core::sc_in<DATA>::inout_port_type&) [with T = sc_dt::sc_uint<8>, sc_core::sc_in<DATA>::inout_port_type = sc_core::sc_port<sc_core::sc_signal_inout_if<sc_dt::sc_uint<8> >, 1, (sc_core::sc_port_policy)0u>]
C:/Xilinx/Vivado_HLS/2016.3/win64/tools/systemc/include/sysc/communication/sc_signal_ports.h:184:10: note:   no known conversion for argument 1 from 'sc_core::sc_signal<bool, (sc_core::sc_writer_policy)0u>' to 'sc_core::sc_in<sc_dt::sc_uint<8> >::inout_port_type& {aka sc_core::sc_port<sc_core::sc_signal_inout_if<sc_dt::sc_uint<8> >, 1, (sc_core::sc_port_policy)0u>&}'
../../../../main.cpp:119:21: error: no match for call to '(sc_core::sc_out<sc_dt::sc_uint<8> >) (sc_core::sc_signal<bool, (sc_core::sc_writer_policy)0u>&)'
C:/Xilinx/Vivado_HLS/2016.3/win64/tools/systemc/include/sysc/communication/sc_signal_ports.h:1694:7: note: candidates are:
C:/Xilinx/Vivado_HLS/2016.3/win64/tools/systemc/include/sysc/communication/sc_port.h:270:10: note: void sc_core::sc_port_b<IF>::operator()(IF&) [with IF = sc_core::sc_signal_inout_if<sc_dt::sc_uint<8> >]
C:/Xilinx/Vivado_HLS/2016.3/win64/tools/systemc/include/sysc/communication/sc_port.h:270:10: note:   no known conversion for argument 1 from 'sc_core::sc_signal<bool, (sc_core::sc_writer_policy)0u>' to 'sc_core::sc_signal_inout_if<sc_dt::sc_uint<8> >&'
C:/Xilinx/Vivado_HLS/2016.3/win64/tools/systemc/include/sysc/communication/sc_port.h:279:10: note: void sc_core::sc_port_b<IF>::operator()(sc_core::sc_port_b<IF>::port_type&) [with IF = sc_core::sc_signal_inout_if<sc_dt::sc_uint<8> >, sc_core::sc_port_b<IF>::port_type = sc_core::sc_port_b<sc_core::sc_signal_inout_if<sc_dt::sc_uint<8> > >]
C:/Xilinx/Vivado_HLS/2016.3/win64/tools/systemc/include/sysc/communication/sc_port.h:279:10: note:   no known conversion for argument 1 from 'sc_core::sc_signal<bool, (sc_core::sc_writer_policy)0u>' to 'sc_core::sc_port_b<sc_core::sc_signal_inout_if<sc_dt::sc_uint<8> > >::port_type& {aka sc_core::sc_port_b<sc_core::sc_signal_inout_if<sc_dt::sc_uint<8> > >&}'
../../../../main.cpp:128:22: error: no match for call to '(sc_core::sc_in<sc_dt::sc_uint<8> >) (sc_core::sc_signal<bool, (sc_core::sc_writer_policy)0u>&)'
C:/Xilinx/Vivado_HLS/2016.3/win64/tools/systemc/include/sysc/communication/sc_signal_ports.h:75:7: note: candidates are:
C:/Xilinx/Vivado_HLS/2016.3/win64/tools/systemc/include/sysc/communication/sc_signal_ports.h:166:10: note: void sc_core::sc_in<DATA>::operator()(const in_if_type&) [with T = sc_dt::sc_uint<8>, sc_core::sc_in<DATA>::in_if_type = sc_core::sc_signal_in_if<sc_dt::sc_uint<8> >]
C:/Xilinx/Vivado_HLS/2016.3/win64/tools/systemc/include/sysc/communication/sc_signal_ports.h:166:10: note:   no known conversion for argument 1 from 'sc_core::sc_signal<bool, (sc_core::sc_writer_policy)0u>' to 'const in_if_type& {aka const sc_core::sc_signal_in_if<sc_dt::sc_uint<8> >&}'
C:/Xilinx/Vivado_HLS/2016.3/win64/tools/systemc/include/sysc/communication/sc_signal_ports.h:175:10: note: void sc_core::sc_in<DATA>::operator()(sc_core::sc_in<DATA>::in_port_type&) [with T = sc_dt::sc_uint<8>, sc_core::sc_in<DATA>::in_port_type = sc_core::sc_port<sc_core::sc_signal_in_if<sc_dt::sc_uint<8> >, 1, (sc_core::sc_port_policy)0u>]
C:/Xilinx/Vivado_HLS/2016.3/win64/tools/systemc/include/sysc/communication/sc_signal_ports.h:175:10: note:   no known conversion for argument 1 from 'sc_core::sc_signal<bool, (sc_core::sc_writer_policy)0u>' to 'sc_core::sc_in<sc_dt::sc_uint<8> >::in_port_type& {aka sc_core::sc_port<sc_core::sc_signal_in_if<sc_dt::sc_uint<8> >, 1, (sc_core::sc_port_policy)0u>&}'
C:/Xilinx/Vivado_HLS/2016.3/win64/tools/systemc/include/sysc/communication/sc_signal_ports.h:184:10: note: void sc_core::sc_in<DATA>::operator()(sc_core::sc_in<DATA>::inout_port_type&) [with T = sc_dt::sc_uint<8>, sc_core::sc_in<DATA>::inout_port_type = sc_core::sc_port<sc_core::sc_signal_inout_if<sc_dt::sc_uint<8> >, 1, (sc_core::sc_port_policy)0u>]
C:/Xilinx/Vivado_HLS/2016.3/win64/tools/systemc/include/sysc/communication/sc_signal_ports.h:184:10: note:   no known conversion for argument 1 from 'sc_core::sc_signal<bool, (sc_core::sc_writer_policy)0u>' to 'sc_core::sc_in<sc_dt::sc_uint<8> >::inout_port_type& {aka sc_core::sc_port<sc_core::sc_signal_inout_if<sc_dt::sc_uint<8> >, 1, (sc_core::sc_port_policy)0u>&}'
../../../../main.cpp:130:9: error: 'struct imager_512' has no member named 'data_ok'
../../../../main.cpp:131:20: error: no match for call to '(sc_core::sc_out<sc_dt::sc_uint<8>*>) (sc_dt::sc_uint<8>*&)'
C:/Xilinx/Vivado_HLS/2016.3/win64/tools/systemc/include/sysc/communication/sc_signal_ports.h:1694:7: note: candidates are:
C:/Xilinx/Vivado_HLS/2016.3/win64/tools/systemc/include/sysc/communication/sc_port.h:270:10: note: void sc_core::sc_port_b<IF>::operator()(IF&) [with IF = sc_core::sc_signal_inout_if<sc_dt::sc_uint<8>*>]
C:/Xilinx/Vivado_HLS/2016.3/win64/tools/systemc/include/sysc/communication/sc_port.h:270:10: note:   no known conversion for argument 1 from 'sc_dt::sc_uint<8>*' to 'sc_core::sc_signal_inout_if<sc_dt::sc_uint<8>*>&'
C:/Xilinx/Vivado_HLS/2016.3/win64/tools/systemc/include/sysc/communication/sc_port.h:279:10: note: void sc_core::sc_port_b<IF>::operator()(sc_core::sc_port_b<IF>::port_type&) [with IF = sc_core::sc_signal_inout_if<sc_dt::sc_uint<8>*>, sc_core::sc_port_b<IF>::port_type = sc_core::sc_port_b<sc_core::sc_signal_inout_if<sc_dt::sc_uint<8>*> >]
C:/Xilinx/Vivado_HLS/2016.3/win64/tools/systemc/include/sysc/communication/sc_port.h:279:10: note:   no known conversion for argument 1 from 'sc_dt::sc_uint<8>*' to 'sc_core::sc_port_b<sc_core::sc_signal_inout_if<sc_dt::sc_uint<8>*> >::port_type& {aka sc_core::sc_port_b<sc_core::sc_signal_inout_if<sc_dt::sc_uint<8>*> >&}'
../../../../main.cpp:163:3: error: 'din' was not declared in this scope
../../../../main.cpp:246:37: error: 'dout' was not declared in this scope
make: *** [obj/main.o] Error 1
CRITICAL WARNING: [SIM 100] CSim file generation failed: compilation error(s).
INFO: [SIM 3] *************** CSIM finish ***************
