@I [HLS-0] Workspace C:/Users/alienBot/Documents/GitHub/DCT_base/DCT_base/DCT opened at Thu Jan 12 02:47:31 +0100 2017
@I [HLS-100] Execute     config_clock -quiet -name default -period 10 -default=false 
@I [SYN-201] Setting up clock 'default' with a period of 10ns.
@I [HLS-100] Command     config_clock returned 0; 0 sec.
@I [HLS-100] Execute     open_platform DefaultPlatform 
@I [HLS-100] Command     open_platform returned 0; 0 sec.
@I [HLS-100] Execute     import_lib C:/Xilinx/Vivado_HLS/2016.3/common/technology/xilinx/artix7/artix7 
@I [HLS-100] Execute       source C:/Xilinx/Vivado_HLS/2016.3/common/technology/xilinx/common/xilinx.lib 
@I [HLS-100] Execute         source C:/Xilinx/Vivado_HLS/2016.3/common/technology/xilinx/interface/xilinx_interface.lib 
@I [HLS-100] Execute           source C:/Xilinx/Vivado_HLS/2016.3/common/technology/xilinx/interface/plb46.lib 
@I [HLS-100] Command           ap_source returned 0; 0.001 sec.
@I [HLS-100] Execute           source C:/Xilinx/Vivado_HLS/2016.3/common/technology/xilinx/interface/fsl.lib 
@I [HLS-100] Command           ap_source returned 0; 0.001 sec.
@I [HLS-100] Execute           source C:/Xilinx/Vivado_HLS/2016.3/common/technology/xilinx/interface/axi4.lib 
@I [HLS-100] Command           ap_source returned 0; 0 sec.
@I [HLS-100] Execute           source C:/Xilinx/Vivado_HLS/2016.3/common/technology/xilinx/interface/maxi.lib 
@I [HLS-100] Command           ap_source returned 0; 0 sec.
@I [HLS-100] Execute           source C:/Xilinx/Vivado_HLS/2016.3/common/technology/xilinx/interface/saxilite.lib 
@I [HLS-100] Command           ap_source returned 0; 0.001 sec.
@I [HLS-100] Command         ap_source returned 0; 0.004 sec.
@I [HLS-100] Execute         source C:/Xilinx/Vivado_HLS/2016.3/common/technology/xilinx/common/dsp48.lib 
@I [HLS-100] Command         ap_source returned 0; 0 sec.
@I [HLS-100] Execute         source C:/Xilinx/Vivado_HLS/2016.3/common/technology/xilinx/ip/dds_compiler.lib 
@I [HLS-100] Command         ap_source returned 0; 0 sec.
@I [HLS-100] Execute         source C:/Xilinx/Vivado_HLS/2016.3/common/technology/xilinx/ip/xfft.lib 
@I [HLS-100] Command         ap_source returned 0; 0 sec.
@I [HLS-100] Execute         source C:/Xilinx/Vivado_HLS/2016.3/common/technology/xilinx/ip/xfir.lib 
@I [HLS-100] Command         ap_source returned 0; 0 sec.
@I [HLS-100] Command       ap_source returned 0; 0.01 sec.
@I [HLS-100] Execute       source C:/Xilinx/Vivado_HLS/2016.3/common/technology/xilinx/common/xilinx_old.lib 
@I [HLS-100] Command       ap_source returned 0; 0.001 sec.
@I [HLS-100] Execute       source C:/Xilinx/Vivado_HLS/2016.3/common/technology/xilinx/common/xilinx_vivado.lib 
@I [HLS-100] Command       ap_source returned 0; 0.001 sec.
@I [HLS-100] Execute       source C:/Xilinx/Vivado_HLS/2016.3/common/technology/xilinx/common/xilinx.hlp 
@I [HLS-100] Execute         source C:/Xilinx/Vivado_HLS/2016.3/common/technology/xilinx/common/target_info.tcl 
@I [HLS-100] Command         ap_source returned 0; 0.002 sec.
@I [HLS-100] Execute         source C:/Xilinx/Vivado_HLS/2016.3/common/technology/xilinx/interface/xilinx_interface.hlp 
@I [HLS-100] Execute           source C:/Xilinx/Vivado_HLS/2016.3/common/technology/xilinx/interface/maxi.hlp 
@I [HLS-100] Command           ap_source returned 0; 0.001 sec.
@I [HLS-100] Execute           source C:/Xilinx/Vivado_HLS/2016.3/common/technology/xilinx/interface/saxilite.hlp 
@I [HLS-100] Command           ap_source returned 0; 0 sec.
@I [HLS-100] Command         ap_source returned 0; 0.001 sec.
@I [HLS-100] Execute         source C:/Xilinx/Vivado_HLS/2016.3/common/technology/xilinx/common/dsp48.hlp 
@I [HLS-100] Command         ap_source returned 0; 0.001 sec.
@I [HLS-100] Command       ap_source returned 0; 0.006 sec.
@I [HLS-100] Execute       source C:/Xilinx/Vivado_HLS/2016.3/common/technology/xilinx/artix7/dsp48e1.hlp 
@I [HLS-100] Command       ap_source returned 0; 0.001 sec.
@I [HLS-100] Execute       get_default_platform 
@I [HLS-100] Command       get_default_platform returned 0; 0 sec.
@I [HLS-100] Execute       config_chip_info -quiet -resource  {SLICE 15850} {LUT 63400}     {FF 126800} {DSP48E 240}    {BRAM 270}  
@I [HLS-100] Command       config_chip_info returned 0; 0 sec.
@I [HLS-100] Execute       config_chip_info -quiet -speed medium 
@I [HLS-100] Command       config_chip_info returned 0; 0 sec.
@I [HLS-100] Command     import_lib returned 0; 0.025 sec.
@I [HLS-100] Execute     source C:/Xilinx/Vivado_HLS/2016.3/common/technology/xilinx/artix7/artix7.gen 
@I [HLS-100] Execute       source C:/Xilinx/Vivado_HLS/2016.3/common/technology/xilinx/common/virtex.gen 
@I [HLS-100] Execute         source C:/Xilinx/Vivado_HLS/2016.3/common/technology/xilinx/common/xilinx.gen 
@I [HLS-100] Execute           source C:/Xilinx/Vivado_HLS/2016.3/common/technology/xilinx/interface/plb46.gen 
@I [HLS-100] Command           ap_source returned 0; 0.001 sec.
@I [HLS-100] Execute           source C:/Xilinx/Vivado_HLS/2016.3/common/technology/xilinx/interface/fsl.gen 
@I [HLS-100] Command           ap_source returned 0; 0.001 sec.
@I [HLS-100] Execute           source C:/Xilinx/Vivado_HLS/2016.3/common/technology/xilinx/interface/axi4.gen 
@I [HLS-100] Command           ap_source returned 0; 0.003 sec.
@I [HLS-100] Execute           source C:/Xilinx/Vivado_HLS/2016.3/common/technology/xilinx/interface/nativeAXI4.gen 
@I [HLS-100] Execute             source C:/Xilinx/Vivado_HLS/2016.3/common/technology/xilinx/interface/saxilite.gen 
@I [HLS-100] Command             ap_source returned 0; 0.004 sec.
@I [HLS-100] Execute             source C:/Xilinx/Vivado_HLS/2016.3/common/technology/xilinx/interface/maxi.gen 
@I [HLS-100] Command             ap_source returned 0; 0.009 sec.
@I [HLS-100] Command           ap_source returned 0; 0.014 sec.
@I [HLS-100] Execute           source C:/Xilinx/Vivado_HLS/2016.3/common/technology/xilinx/scripts/xilinxcoregen.gen 
@I [HLS-100] Command           ap_source returned 0; 0.011 sec.
@I [HLS-100] Execute           source C:/Xilinx/Vivado_HLS/2016.3/common/technology/xilinx/interface/XilEDKCoreGen.gen 
@I [HLS-100] Command           ap_source returned 0; 0.01 sec.
@I [HLS-100] Execute           source C:/Xilinx/Vivado_HLS/2016.3/common/technology/xilinx/ip/dds_compiler.gen 
@I [HLS-100] Command           ap_source returned 0; 0.004 sec.
@I [HLS-100] Execute           source C:/Xilinx/Vivado_HLS/2016.3/common/technology/xilinx/ip/util.gen 
@I [HLS-100] Command           ap_source returned 0; 0.001 sec.
@I [HLS-100] Execute           source C:/Xilinx/Vivado_HLS/2016.3/common/technology/xilinx/ip/xfft.gen 
@I [HLS-100] Command           ap_source returned 0; 0.104 sec.
@I [HLS-100] Execute           source C:/Xilinx/Vivado_HLS/2016.3/common/technology/xilinx/ip/xfir.gen 
@I [HLS-100] Command           ap_source returned 0; 0.001 sec.
@I [HLS-100] Command         ap_source returned 0; 0.153 sec.
@I [HLS-100] Execute         source C:/Xilinx/Vivado_HLS/2016.3/common/technology/xilinx/common/dsp48.gen 
@I [HLS-100] Command         ap_source returned 0; 0 sec.
@I [HLS-100] Command       ap_source returned 0; 0.157 sec.
@I [HLS-100] Command     ap_source returned 0; 0.157 sec.
@I [HLS-100] Execute     open_platform DefaultPlatform 
@I [HLS-100] Command     open_platform returned 0; 0 sec.
@I [HLS-100] Execute     import_lib C:/Xilinx/Vivado_HLS/2016.3/common/technology/xilinx/artix7/artix7_fpv6 
@I [HLS-100] Execute       source C:/Xilinx/Vivado_HLS/2016.3/common/technology/xilinx/common/xilinx_fpv7.lib 
@I [HLS-100] Execute         source C:/Xilinx/Vivado_HLS/2016.3/common/technology/xilinx/common/xilinx_hp.lib 
@I [HLS-100] Command         ap_source returned 0; 0.001 sec.
@I [HLS-100] Command       ap_source returned 0; 0.005 sec.
@I [HLS-100] Execute       source C:/Xilinx/Vivado_HLS/2016.3/common/technology/xilinx/common/xilinx_fpv.hlp 
@I [HLS-100] Execute         source C:/Xilinx/Vivado_HLS/2016.3/common/technology/xilinx/common/xilinx.hlp 
@I [HLS-100] Execute           source C:/Xilinx/Vivado_HLS/2016.3/common/technology/xilinx/common/target_info.tcl 
@I [HLS-100] Command           ap_source returned 0; 0.004 sec.
@I [HLS-100] Execute           source C:/Xilinx/Vivado_HLS/2016.3/common/technology/xilinx/interface/xilinx_interface.hlp 
@I [HLS-100] Execute             source C:/Xilinx/Vivado_HLS/2016.3/common/technology/xilinx/interface/maxi.hlp 
@I [HLS-100] Command             ap_source returned 0; 0.001 sec.
@I [HLS-100] Execute             source C:/Xilinx/Vivado_HLS/2016.3/common/technology/xilinx/interface/saxilite.hlp 
@I [HLS-100] Command             ap_source returned 0; 0 sec.
@I [HLS-100] Command           ap_source returned 0; 0.002 sec.
@I [HLS-100] Execute           source C:/Xilinx/Vivado_HLS/2016.3/common/technology/xilinx/common/dsp48.hlp 
@I [HLS-100] Command           ap_source returned 0; 0.001 sec.
@I [HLS-100] Command         ap_source returned 0; 0.01 sec.
@I [HLS-100] Command       ap_source returned 0; 0.012 sec.
@I [HLS-100] Execute       source C:/Xilinx/Vivado_HLS/2016.3/common/technology/xilinx/artix7/artix7_hp.hlp 
@I [HLS-100] Command       ap_source returned 0; 0.001 sec.
@I [HLS-100] Command     import_lib returned 0; 0.029 sec.
@I [HLS-100] Execute     source C:/Xilinx/Vivado_HLS/2016.3/common/technology/xilinx/artix7/artix7_fpv6.gen 
@I [HLS-100] Execute       source C:/Xilinx/Vivado_HLS/2016.3/common/technology/xilinx/common/xilinx_fpv6.gen 
@I [HLS-100] Command       ap_source returned 0; 0.002 sec.
@I [HLS-100] Command     ap_source returned 0; 0.002 sec.
@I [HLS-100] Execute     set_part xc7a35ticpg236-1l 
@I [HLS-100] Execute       add_library xilinx/artix7/artix7:xc7a35ti:cpg236:-1l 
@I [HLS-100] Execute         get_default_platform 
@I [HLS-100] Command         get_default_platform returned 0; 0 sec.
@I [HLS-100] Execute         license_isbetapart xc7a35ti 
@I [HLS-100] Command         license_isbetapart returned 1; 0.017 sec.
@I [HLS-100] Execute         get_default_platform 
@I [HLS-100] Command         get_default_platform returned 0; 0 sec.
@I [HLS-100] Execute         config_chip_info -quiet -resource  {SLICE 5200}  {LUT 20800}     {FF 41600}  {DSP48E 90}     {BRAM 100}  
@I [HLS-100] Command         config_chip_info returned 0; 0 sec.
@I [HLS-100] Execute         config_chip_info -quiet -speed slow 
@I [HLS-100] Command         config_chip_info returned 0; 0 sec.
@I [HLS-100] Command       add_library returned 0; 0.025 sec.
@I [HLS-100] Execute       add_library xilinx/artix7/artix7_fpv6 
@I [HLS-100] Execute         get_default_platform 
@I [HLS-100] Command         get_default_platform returned 0; 0 sec.
@I [HLS-100] Command       add_library returned 0; 0.003 sec.
@I [HLS-10] Setting target device to 'xc7a35ticpg236-1l'
@I [HLS-100] Command     set_part returned 0; 0.037 sec.
@I [HLS-100] Execute     get_default_platform 
@I [HLS-100] Command     get_default_platform returned 0; 0 sec.
@I [HLS-100] Execute     config_chip_info -quiet -resource  {SLICE 5200}  {LUT 20800}     {FF 41600}  {DSP48E 90}     {BRAM 100}  
@I [HLS-100] Command     config_chip_info returned 0; 0 sec.
@I [HLS-100] Execute     config_chip_info -quiet -speed slow 
@I [HLS-100] Command     config_chip_info returned 0; 0 sec.
@I [HLS-100] Command   open_solution returned 0; 0.282 sec.
@I [HLS-100] Execute   set_part xc7a35ticpg236-1l -tool vivado 
@I [HLS-100] Execute     add_library xilinx/artix7/artix7:xc7a35ti:cpg236:-1l 
@I [HLS-100] Execute       get_default_platform 
@I [HLS-100] Command       get_default_platform returned 0; 0 sec.
@I [HLS-100] Execute       license_isbetapart xc7a35ti 
@I [HLS-100] Command       license_isbetapart returned 1; 0 sec.
@I [HLS-100] Execute       get_default_platform 
@I [HLS-100] Command       get_default_platform returned 0; 0 sec.
@I [HLS-100] Execute       config_chip_info -quiet -resource  {SLICE 5200}  {LUT 20800}     {FF 41600}  {DSP48E 90}     {BRAM 100}  
@I [HLS-100] Command       config_chip_info returned 0; 0 sec.
@I [HLS-100] Execute       config_chip_info -quiet -speed slow 
@I [HLS-100] Command       config_chip_info returned 0; 0 sec.
@I [HLS-100] Command     add_library returned 0; 0.005 sec.
@I [HLS-100] Execute     add_library xilinx/artix7/artix7_fpv6 
@I [HLS-100] Execute       get_default_platform 
@I [HLS-100] Command       get_default_platform returned 0; 0 sec.
@I [HLS-100] Command     add_library returned 0; 0.002 sec.
@I [HLS-100] Command   set_part returned 0; 0.012 sec.
@I [HLS-100] Execute   create_clock -period 10 -name default 
@I [HLS-100] Execute     config_clock -quiet -name default -period 10 -default=false 
@I [SYN-201] Setting up clock 'default' with a period of 10ns.
@I [HLS-100] Command     config_clock returned 0; 0 sec.
@I [HLS-100] Command   create_clock returned 0; 0.002 sec.
@I [HLS-100] Execute   csynth_design 
@I [HLS-100] Execute     elaborate -effort=medium -skip_syncheck=0 -keep_printf=0 -lm=0 -skip_cdt=0 -skip_transform=0 -ng=0 -g=0 -opt_fp=0 
@I [HLS-10] Analyzing design file 'sc_FIFO_IDCT.cpp' ... 
@I [HLS-0] Compiling one TU...
@I [HLS-0] Handling sc_FIFO_IDCT.cpp as C++
@I [HLS-0] Syntax Checking before pre-processing...
@I [HLS-100] Execute       clang  -fno-limit-debug-info -gcc-toolchain "C:/Xilinx/Vivado_HLS/2016.3/msys" -hls    -fno-math-errno -c -emit-llvm -O0  -mllvm -disable-llvm-optzns -fno-threadsafe-statics  -fno-use-cxa-atexit  -fno-threadsafe-statics -fno-use-cxa-atexit -Wno-attributes -Wno-gcc-compat -D__cdecl=   -I "C:/Xilinx/Vivado_HLS/2016.3/win64/tools/systemc/include" -I "C:/Xilinx/Vivado_HLS/2016.3/include" -I "C:/Xilinx/Vivado_HLS/2016.3/include/ap_sysc" -fexceptions -I "C:/Xilinx/Vivado_HLS/2016.3/common/technology/autopilot" -include etc/autopilot_ssdm_op.h "sc_FIFO_IDCT.cpp"  -o "C:/Users/alienBot/Documents/GitHub/DCT_base/DCT_base/DCT/.autopilot/db/sc_FIFO_IDCT.pp.00.o" 
@I [HLS-100] Command       clang returned 0; 0.907 sec.
@I [HLS-100] Execute       is_encrypted C:/Users/alienBot/Documents/GitHub/DCT_base/DCT_base/DCT/.autopilot/db/sc_FIFO_IDCT.pp.00.o 
@I [HLS-100] Command       is_encrypted returned 0; 0.001 sec.
@I [HLS-0] Source preprocessing
@I [HLS-100] Execute       clang  -fno-limit-debug-info -gcc-toolchain "C:/Xilinx/Vivado_HLS/2016.3/msys" -hls -fno-exceptions  -D__llvm__  -CC -E "sc_FIFO_IDCT.cpp"     -fno-math-errno -c -emit-llvm -O0  -mllvm -disable-llvm-optzns -fno-threadsafe-statics  -fno-use-cxa-atexit  -fno-threadsafe-statics -fno-use-cxa-atexit -Wno-attributes -Wno-gcc-compat -D__cdecl= -DAESL_SYN -D__SYNTHESIS__ -D__HLS_SYN__ -I "C:/Xilinx/Vivado_HLS/2016.3/common/technology/autopilot" -I "C:/Xilinx/Vivado_HLS/2016.3/common/technology/autopilot/ap_sysc" -include etc/autopilot_ssdm_op.h  -o "C:/Users/alienBot/Documents/GitHub/DCT_base/DCT_base/DCT/.autopilot/db/sc_FIFO_IDCT.pp.0.cpp" 
@I [HLS-100] Command       clang returned 0; 0.315 sec.
@I [HLS-0] GCC PP time: 0 seconds per iteration
@I [HLS-100] Execute       list_core -type functional_unit 
@I [HLS-100] Command       list_core returned 0; 0 sec.
@I [HLS-0] CDT Preprocessing...
@I [HLS-0] Marker-Pragma convertor: C:/Users/alienBot/Documents/GitHub/DCT_base/DCT_base/DCT/.autopilot/db/sc_FIFO_IDCT.pp.0.cpp C:/Users/alienBot/Documents/GitHub/DCT_base/DCT_base/DCT/.autopilot/db/sc_FIFO_IDCT.pp.0.cpp.ap-line.cpp C:/Users/alienBot/Documents/GitHub/DCT_base/DCT_base/DCT/.autopilot/db/sc_FIFO_IDCT.pp.0.cpp.ap-line.cpp.CXX 1
@I [HLS-0] Converting Markers to Pragmas...
@I [HLS-100] Execute       cdt  "C:/Users/alienBot/Documents/GitHub/DCT_base/DCT_base/DCT/.autopilot/db/sc_FIFO_IDCT.pp.0.cpp.ap-line.cpp"  -m "main" -o "C:/Users/alienBot/Documents/GitHub/DCT_base/DCT_base/DCT/.autopilot/db/sc_FIFO_IDCT.pp.0.cpp.ap-cdt.cpp" --pp --directive C:/Users/alienBot/Documents/GitHub/DCT_base/DCT_base/DCT/DCT.directive --source C:/Users/alienBot/Documents/GitHub/DCT_base/sc_FIFO_IDCT.cpp --error C:/Users/alienBot/Documents/GitHub/DCT_base/DCT_base/DCT/.autopilot/db --funcunit "AddSub AddSub_DSP AddSubnS DAddSub_fulldsp DAddSub_nodsp DDiv DExp_fulldsp DExp_meddsp DExp_nodsp DLog_fulldsp DLog_meddsp DLog_nodsp DMul_fulldsp DMul_maxdsp DMul_meddsp DMul_nodsp DRSqrt DRecip DSqrt DivnS FAddSub_fulldsp FAddSub_nodsp FDiv FExp_fulldsp FExp_meddsp FExp_nodsp FLog_fulldsp FLog_meddsp FLog_nodsp FMul_fulldsp FMul_maxdsp FMul_meddsp FMul_nodsp FRSqrt_fulldsp FRSqrt_nodsp FRecip_fulldsp FRecip_nodsp FSqrt HAddSub_nodsp HDiv HMul_fulldsp HMul_maxdsp HMul_nodsp HSqrt Mul Mul2S Mul3S Mul4S Mul5S Mul6S Mul_LUT MulnS MuxnS" --ve --vetcl C:/Users/alienBot/Documents/GitHub/DCT_base/DCT_base/DCT/.autopilot/db --ca --es --gf --pd --p2d C:/Users/alienBot/Documents/GitHub/DCT_base/DCT_base/DCT/.autopilot/db --sd --scff C:/Users/alienBot/Documents/GitHub/DCT_base/DCT_base/DCT/.autopilot/db/.systemc_flag --ad 
@I [HLS-100] Command       cdt returned 0; 5.731 sec.
@I [HLS-0] Marker-Pragma convertor: C:/Users/alienBot/Documents/GitHub/DCT_base/DCT_base/DCT/.autopilot/db/sc_FIFO_IDCT.pp.0.cpp.ap-cdt.cpp C:/Users/alienBot/Documents/GitHub/DCT_base/DCT_base/DCT/.autopilot/db/sc_FIFO_IDCT.pragma.0.cpp C:/Users/alienBot/Documents/GitHub/DCT_base/DCT_base/DCT/.autopilot/db/sc_FIFO_IDCT.pragma.0.cpp.ap-line.CXX 0
@I [HLS-0] Converting Pragmas to Markers...
@I [HLS-100] Execute       source C:/Users/alienBot/Documents/GitHub/DCT_base/DCT_base/DCT/.autopilot/db/pragma.status.tcl 
@I [HLS-100] Command       ap_source returned 0; 0.007 sec.
@I [HLS-0] Pragma Handling...
@I [HLS-0] SystemC Checker
@I [HLS-100] Execute       ap_eval exec clang++ -gcc-toolchain C:/Xilinx/Vivado_HLS/2016.3/msys -hls -DAP_PRE  -I "C:/Xilinx/Vivado_HLS/2016.3/win64/tools/systemc/include" -I "C:/Xilinx/Vivado_HLS/2016.3/include" -I "C:/Xilinx/Vivado_HLS/2016.3/include/ap_sysc" -S "sc_FIFO_IDCT.cpp" -o C:/Users/alienBot/Documents/GitHub/DCT_base/DCT_base/DCT/.autopilot/db/sc_FIFO_IDCT.pp.00.o 
@I [HLS-100] Command       ap_eval returned 0; 0.767 sec.
@I [HLS-0] Marker-Pragma convertor: C:/Users/alienBot/Documents/GitHub/DCT_base/DCT_base/DCT/.autopilot/db/sc_FIFO_IDCT.pragma.1.cpp C:/Users/alienBot/Documents/GitHub/DCT_base/DCT_base/DCT/.autopilot/db/sc_FIFO_IDCT.scpp.0.cpp C:/Users/alienBot/Documents/GitHub/DCT_base/DCT_base/DCT/.autopilot/db/sc_FIFO_IDCT.scpp.0.cpp.line_pre.CXX 1
@I [HLS-0] Converting Markers to Pragmas...
@I [HLS-0] SystemC preprocessor
@I [HLS-100] Execute       ap_eval exec C:/Xilinx/Vivado_HLS/2016.3/tps/win64/jre/bin/java -Xmx512m -classpath "C:/Xilinx/Vivado_HLS/2016.3/lib/classes/org.eclipse.cdt.core_5.0.0.200806171202.jar;C:/Xilinx/Vivado_HLS/2016.3/lib/classes/jargs.jar;C:/Xilinx/Vivado_HLS/2016.3/lib/classes/org.eclipse.core.runtime_3.4.0.v20080512.jar;C:/Xilinx/Vivado_HLS/2016.3/lib/classes/org.eclipse.equinox.common_3.4.0.v20080421-2006.jar;C:/Xilinx/Vivado_HLS/2016.3/lib/classes/autopilot.scelaborator.jar"  autopilot.scelaborator.ScParser  -S "C:/Xilinx/Vivado_HLS/2016.3/common/technology/autopilot/ap_sysc" --force-inline  -o "C:/Users/alienBot/Documents/GitHub/DCT_base/DCT_base/DCT/.autopilot/db/" "C:/Users/alienBot/Documents/GitHub/DCT_base/DCT_base/DCT/.autopilot/db/sc_FIFO_IDCT.scpp.0.cpp" --mi-suffix=0 -d -t 
@I [HLS-100] Command       ap_eval returned 1; 26.776 sec.
@I [HLS-0] Marker-Pragma convertor: C:/Users/alienBot/Documents/GitHub/DCT_base/DCT_base/DCT/.autopilot/db/sc_FIFO_IDCT.scpp.0.cpp.ssdm.cpp C:/Users/alienBot/Documents/GitHub/DCT_base/DCT_base/DCT/.autopilot/db/sc_FIFO_IDCT.scpp.1.cpp C:/Users/alienBot/Documents/GitHub/DCT_base/DCT_base/DCT/.autopilot/db/sc_FIFO_IDCT.scpp.1.cpp.line_post.CXX 0
@I [HLS-0] Converting Pragmas to Markers...
@I [HLS-0] Source preprocessing
@I [HLS-100] Execute       clang  -fno-limit-debug-info -gcc-toolchain "C:/Xilinx/Vivado_HLS/2016.3/msys" -hls -fno-exceptions  -D__llvm__  -CC -E "C:/Users/alienBot/Documents/GitHub/DCT_base/DCT_base/DCT/.autopilot/db/sc_FIFO_IDCT.pragma.1.cpp"     -fno-math-errno -c -emit-llvm -O0  -mllvm -disable-llvm-optzns -fno-threadsafe-statics  -fno-use-cxa-atexit  -fno-threadsafe-statics -fno-use-cxa-atexit -Wno-attributes -Wno-gcc-compat -D__cdecl= -DAESL_SYN -D__SYNTHESIS__ -D__HLS_SYN__ -I "C:/Xilinx/Vivado_HLS/2016.3/common/technology/autopilot" -I "C:/Xilinx/Vivado_HLS/2016.3/common/technology/autopilot/ap_sysc" -include etc/autopilot_ssdm_op.h  -o "C:/Users/alienBot/Documents/GitHub/DCT_base/DCT_base/DCT/.autopilot/db/sc_FIFO_IDCT.pragma.2.cpp" 
@I [HLS-100] Command       clang returned 0; 0.463 sec.
@I [HLS-0] Processing labels
@I [HLS-100] Execute       clang  -fno-limit-debug-info -gcc-toolchain C:/Xilinx/Vivado_HLS/2016.3/msys -hls -hls-analyze-label -hls-analyze-pragma -fno-exceptions  -D__llvm__  -w  "C:/Users/alienBot/Documents/GitHub/DCT_base/DCT_base/DCT/.autopilot/db/sc_FIFO_IDCT.pragma.2.cpp"    -fno-math-errno -c -emit-llvm -O0  -mllvm -disable-llvm-optzns -fno-threadsafe-statics  -fno-use-cxa-atexit -DAESL_SYN -D__SYNTHESIS__ -D__HLS_SYN__ -I "C:/Xilinx/Vivado_HLS/2016.3/common/technology/autopilot" -I "C:/Xilinx/Vivado_HLS/2016.3/common/technology/autopilot/ap_sysc" -include etc/autopilot_ssdm_op.h -g -o "C:/Users/alienBot/Documents/GitHub/DCT_base/DCT_base/DCT/.autopilot/db/sc_FIFO_IDCT.g.bc" 
@I [HLS-100] Command       clang returned 0; 0.674 sec.
@I [HLS-10] Analyzing design file 'sc_FIFO_DCT.cpp' ... 
@I [HLS-0] Compiling one TU...
@I [HLS-0] Handling sc_FIFO_DCT.cpp as C++
@I [HLS-0] Syntax Checking before pre-processing...
@I [HLS-100] Execute       clang  -fno-limit-debug-info -gcc-toolchain "C:/Xilinx/Vivado_HLS/2016.3/msys" -hls    -fno-math-errno -c -emit-llvm -O0  -mllvm -disable-llvm-optzns -fno-threadsafe-statics  -fno-use-cxa-atexit  -fno-threadsafe-statics -fno-use-cxa-atexit -Wno-attributes -Wno-gcc-compat -D__cdecl=   -I "C:/Xilinx/Vivado_HLS/2016.3/win64/tools/systemc/include" -I "C:/Xilinx/Vivado_HLS/2016.3/include" -I "C:/Xilinx/Vivado_HLS/2016.3/include/ap_sysc" -fexceptions -I "C:/Xilinx/Vivado_HLS/2016.3/common/technology/autopilot" -include etc/autopilot_ssdm_op.h "sc_FIFO_DCT.cpp"  -o "C:/Users/alienBot/Documents/GitHub/DCT_base/DCT_base/DCT/.autopilot/db/sc_FIFO_DCT.pp.00.o" 
@I [HLS-100] Command       clang returned 0; 0.901 sec.
@I [HLS-100] Execute       is_encrypted C:/Users/alienBot/Documents/GitHub/DCT_base/DCT_base/DCT/.autopilot/db/sc_FIFO_DCT.pp.00.o 
@I [HLS-100] Command       is_encrypted returned 0; 0.001 sec.
@I [HLS-0] Source preprocessing
@I [HLS-100] Execute       clang  -fno-limit-debug-info -gcc-toolchain "C:/Xilinx/Vivado_HLS/2016.3/msys" -hls -fno-exceptions  -D__llvm__  -CC -E "sc_FIFO_DCT.cpp"     -fno-math-errno -c -emit-llvm -O0  -mllvm -disable-llvm-optzns -fno-threadsafe-statics  -fno-use-cxa-atexit  -fno-threadsafe-statics -fno-use-cxa-atexit -Wno-attributes -Wno-gcc-compat -D__cdecl= -DAESL_SYN -D__SYNTHESIS__ -D__HLS_SYN__ -I "C:/Xilinx/Vivado_HLS/2016.3/common/technology/autopilot" -I "C:/Xilinx/Vivado_HLS/2016.3/common/technology/autopilot/ap_sysc" -include etc/autopilot_ssdm_op.h  -o "C:/Users/alienBot/Documents/GitHub/DCT_base/DCT_base/DCT/.autopilot/db/sc_FIFO_DCT.pp.0.cpp" 
@I [HLS-100] Command       clang returned 0; 0.286 sec.
@I [HLS-0] GCC PP time: 0 seconds per iteration
@I [HLS-100] Execute       list_core -type functional_unit 
@I [HLS-100] Command       list_core returned 0; 0 sec.
@I [HLS-0] CDT Preprocessing...
@I [HLS-0] Marker-Pragma convertor: C:/Users/alienBot/Documents/GitHub/DCT_base/DCT_base/DCT/.autopilot/db/sc_FIFO_DCT.pp.0.cpp C:/Users/alienBot/Documents/GitHub/DCT_base/DCT_base/DCT/.autopilot/db/sc_FIFO_DCT.pp.0.cpp.ap-line.cpp C:/Users/alienBot/Documents/GitHub/DCT_base/DCT_base/DCT/.autopilot/db/sc_FIFO_DCT.pp.0.cpp.ap-line.cpp.CXX 1
@I [HLS-0] Converting Markers to Pragmas...
@I [HLS-100] Execute       cdt  "C:/Users/alienBot/Documents/GitHub/DCT_base/DCT_base/DCT/.autopilot/db/sc_FIFO_DCT.pp.0.cpp.ap-line.cpp"  -m "main" -o "C:/Users/alienBot/Documents/GitHub/DCT_base/DCT_base/DCT/.autopilot/db/sc_FIFO_DCT.pp.0.cpp.ap-cdt.cpp" --pp --directive C:/Users/alienBot/Documents/GitHub/DCT_base/DCT_base/DCT/DCT.directive --source C:/Users/alienBot/Documents/GitHub/DCT_base/sc_FIFO_DCT.cpp --error C:/Users/alienBot/Documents/GitHub/DCT_base/DCT_base/DCT/.autopilot/db --funcunit "AddSub AddSub_DSP AddSubnS DAddSub_fulldsp DAddSub_nodsp DDiv DExp_fulldsp DExp_meddsp DExp_nodsp DLog_fulldsp DLog_meddsp DLog_nodsp DMul_fulldsp DMul_maxdsp DMul_meddsp DMul_nodsp DRSqrt DRecip DSqrt DivnS FAddSub_fulldsp FAddSub_nodsp FDiv FExp_fulldsp FExp_meddsp FExp_nodsp FLog_fulldsp FLog_meddsp FLog_nodsp FMul_fulldsp FMul_maxdsp FMul_meddsp FMul_nodsp FRSqrt_fulldsp FRSqrt_nodsp FRecip_fulldsp FRecip_nodsp FSqrt HAddSub_nodsp HDiv HMul_fulldsp HMul_maxdsp HMul_nodsp HSqrt Mul Mul2S Mul3S Mul4S Mul5S Mul6S Mul_LUT MulnS MuxnS" --ve --vetcl C:/Users/alienBot/Documents/GitHub/DCT_base/DCT_base/DCT/.autopilot/db --ca --es --gf --pd --p2d C:/Users/alienBot/Documents/GitHub/DCT_base/DCT_base/DCT/.autopilot/db --sd --scff C:/Users/alienBot/Documents/GitHub/DCT_base/DCT_base/DCT/.autopilot/db/.systemc_flag --ad 
@I [HLS-100] Command       cdt returned 0; 6.394 sec.
@I [HLS-0] Marker-Pragma convertor: C:/Users/alienBot/Documents/GitHub/DCT_base/DCT_base/DCT/.autopilot/db/sc_FIFO_DCT.pp.0.cpp.ap-cdt.cpp C:/Users/alienBot/Documents/GitHub/DCT_base/DCT_base/DCT/.autopilot/db/sc_FIFO_DCT.pragma.0.cpp C:/Users/alienBot/Documents/GitHub/DCT_base/DCT_base/DCT/.autopilot/db/sc_FIFO_DCT.pragma.0.cpp.ap-line.CXX 0
@I [HLS-0] Converting Pragmas to Markers...
@I [HLS-100] Execute       source C:/Users/alienBot/Documents/GitHub/DCT_base/DCT_base/DCT/.autopilot/db/pragma.status.tcl 
@I [HLS-100] Command       ap_source returned 0; 0.001 sec.
@I [HLS-0] Pragma Handling...
@I [HLS-0] SystemC Checker
@I [HLS-100] Execute       ap_eval exec clang++ -gcc-toolchain C:/Xilinx/Vivado_HLS/2016.3/msys -hls -DAP_PRE  -I "C:/Xilinx/Vivado_HLS/2016.3/win64/tools/systemc/include" -I "C:/Xilinx/Vivado_HLS/2016.3/include" -I "C:/Xilinx/Vivado_HLS/2016.3/include/ap_sysc" -S "sc_FIFO_DCT.cpp" -o C:/Users/alienBot/Documents/GitHub/DCT_base/DCT_base/DCT/.autopilot/db/sc_FIFO_DCT.pp.00.o 
@I [HLS-100] Command       ap_eval returned 0; 0.802 sec.
@I [HLS-0] Marker-Pragma convertor: C:/Users/alienBot/Documents/GitHub/DCT_base/DCT_base/DCT/.autopilot/db/sc_FIFO_DCT.pragma.1.cpp C:/Users/alienBot/Documents/GitHub/DCT_base/DCT_base/DCT/.autopilot/db/sc_FIFO_DCT.scpp.0.cpp C:/Users/alienBot/Documents/GitHub/DCT_base/DCT_base/DCT/.autopilot/db/sc_FIFO_DCT.scpp.0.cpp.line_pre.CXX 1
@I [HLS-0] Converting Markers to Pragmas...
@I [HLS-0] SystemC preprocessor
@I [HLS-100] Execute       ap_eval exec C:/Xilinx/Vivado_HLS/2016.3/tps/win64/jre/bin/java -Xmx512m -classpath "C:/Xilinx/Vivado_HLS/2016.3/lib/classes/org.eclipse.cdt.core_5.0.0.200806171202.jar;C:/Xilinx/Vivado_HLS/2016.3/lib/classes/jargs.jar;C:/Xilinx/Vivado_HLS/2016.3/lib/classes/org.eclipse.core.runtime_3.4.0.v20080512.jar;C:/Xilinx/Vivado_HLS/2016.3/lib/classes/org.eclipse.equinox.common_3.4.0.v20080421-2006.jar;C:/Xilinx/Vivado_HLS/2016.3/lib/classes/autopilot.scelaborator.jar"  autopilot.scelaborator.ScParser  -S "C:/Xilinx/Vivado_HLS/2016.3/common/technology/autopilot/ap_sysc" --force-inline  -o "C:/Users/alienBot/Documents/GitHub/DCT_base/DCT_base/DCT/.autopilot/db/" "C:/Users/alienBot/Documents/GitHub/DCT_base/DCT_base/DCT/.autopilot/db/sc_FIFO_DCT.scpp.0.cpp" --mi-suffix=1 -d -t 
@I [HLS-100] Command       ap_eval returned 1; 29.608 sec.
@I [HLS-0] Marker-Pragma convertor: C:/Users/alienBot/Documents/GitHub/DCT_base/DCT_base/DCT/.autopilot/db/sc_FIFO_DCT.scpp.0.cpp.ssdm.cpp C:/Users/alienBot/Documents/GitHub/DCT_base/DCT_base/DCT/.autopilot/db/sc_FIFO_DCT.scpp.1.cpp C:/Users/alienBot/Documents/GitHub/DCT_base/DCT_base/DCT/.autopilot/db/sc_FIFO_DCT.scpp.1.cpp.line_post.CXX 0
@I [HLS-0] Converting Pragmas to Markers...
@I [HLS-0] Source preprocessing
@I [HLS-100] Execute       clang  -fno-limit-debug-info -gcc-toolchain "C:/Xilinx/Vivado_HLS/2016.3/msys" -hls -fno-exceptions  -D__llvm__  -CC -E "C:/Users/alienBot/Documents/GitHub/DCT_base/DCT_base/DCT/.autopilot/db/sc_FIFO_DCT.pragma.1.cpp"     -fno-math-errno -c -emit-llvm -O0  -mllvm -disable-llvm-optzns -fno-threadsafe-statics  -fno-use-cxa-atexit  -fno-threadsafe-statics -fno-use-cxa-atexit -Wno-attributes -Wno-gcc-compat -D__cdecl= -DAESL_SYN -D__SYNTHESIS__ -D__HLS_SYN__ -I "C:/Xilinx/Vivado_HLS/2016.3/common/technology/autopilot" -I "C:/Xilinx/Vivado_HLS/2016.3/common/technology/autopilot/ap_sysc" -include etc/autopilot_ssdm_op.h  -o "C:/Users/alienBot/Documents/GitHub/DCT_base/DCT_base/DCT/.autopilot/db/sc_FIFO_DCT.pragma.2.cpp" 
@I [HLS-100] Command       clang returned 0; 0.329 sec.
@I [HLS-0] Processing labels
@I [HLS-100] Execute       clang  -fno-limit-debug-info -gcc-toolchain C:/Xilinx/Vivado_HLS/2016.3/msys -hls -hls-analyze-label -hls-analyze-pragma -fno-exceptions  -D__llvm__  -w  "C:/Users/alienBot/Documents/GitHub/DCT_base/DCT_base/DCT/.autopilot/db/sc_FIFO_DCT.pragma.2.cpp"    -fno-math-errno -c -emit-llvm -O0  -mllvm -disable-llvm-optzns -fno-threadsafe-statics  -fno-use-cxa-atexit -DAESL_SYN -D__SYNTHESIS__ -D__HLS_SYN__ -I "C:/Xilinx/Vivado_HLS/2016.3/common/technology/autopilot" -I "C:/Xilinx/Vivado_HLS/2016.3/common/technology/autopilot/ap_sysc" -include etc/autopilot_ssdm_op.h -g -o "C:/Users/alienBot/Documents/GitHub/DCT_base/DCT_base/DCT/.autopilot/db/sc_FIFO_DCT.g.bc" 
@I [HLS-100] Command       clang returned 0; 0.852 sec.
@I [HLS-10] Analyzing design file 'imager_512.cpp' ... 
@I [HLS-0] Compiling one TU...
@I [HLS-0] Handling imager_512.cpp as C++
@I [HLS-0] Syntax Checking before pre-processing...
@I [HLS-100] Execute       clang  -fno-limit-debug-info -gcc-toolchain "C:/Xilinx/Vivado_HLS/2016.3/msys" -hls    -fno-math-errno -c -emit-llvm -O0  -mllvm -disable-llvm-optzns -fno-threadsafe-statics  -fno-use-cxa-atexit  -fno-threadsafe-statics -fno-use-cxa-atexit -Wno-attributes -Wno-gcc-compat -D__cdecl=   -I "C:/Xilinx/Vivado_HLS/2016.3/win64/tools/systemc/include" -I "C:/Xilinx/Vivado_HLS/2016.3/include" -I "C:/Xilinx/Vivado_HLS/2016.3/include/ap_sysc" -fexceptions -I "C:/Xilinx/Vivado_HLS/2016.3/common/technology/autopilot" -include etc/autopilot_ssdm_op.h "imager_512.cpp"  -o "C:/Users/alienBot/Documents/GitHub/DCT_base/DCT_base/DCT/.autopilot/db/imager_512.pp.00.o" 
@I [HLS-100] Command       clang returned 0; 0.898 sec.
@I [HLS-100] Execute       is_encrypted C:/Users/alienBot/Documents/GitHub/DCT_base/DCT_base/DCT/.autopilot/db/imager_512.pp.00.o 
@I [HLS-100] Command       is_encrypted returned 0; 0.001 sec.
@I [HLS-0] Source preprocessing
@I [HLS-100] Execute       clang  -fno-limit-debug-info -gcc-toolchain "C:/Xilinx/Vivado_HLS/2016.3/msys" -hls -fno-exceptions  -D__llvm__  -CC -E "imager_512.cpp"     -fno-math-errno -c -emit-llvm -O0  -mllvm -disable-llvm-optzns -fno-threadsafe-statics  -fno-use-cxa-atexit  -fno-threadsafe-statics -fno-use-cxa-atexit -Wno-attributes -Wno-gcc-compat -D__cdecl= -DAESL_SYN -D__SYNTHESIS__ -D__HLS_SYN__ -I "C:/Xilinx/Vivado_HLS/2016.3/common/technology/autopilot" -I "C:/Xilinx/Vivado_HLS/2016.3/common/technology/autopilot/ap_sysc" -include etc/autopilot_ssdm_op.h  -o "C:/Users/alienBot/Documents/GitHub/DCT_base/DCT_base/DCT/.autopilot/db/imager_512.pp.0.cpp" 
@I [HLS-100] Command       clang returned 0; 0.338 sec.
@I [HLS-0] GCC PP time: 0 seconds per iteration
@I [HLS-100] Execute       list_core -type functional_unit 
@I [HLS-100] Command       list_core returned 0; 0 sec.
@I [HLS-0] CDT Preprocessing...
@I [HLS-0] Marker-Pragma convertor: C:/Users/alienBot/Documents/GitHub/DCT_base/DCT_base/DCT/.autopilot/db/imager_512.pp.0.cpp C:/Users/alienBot/Documents/GitHub/DCT_base/DCT_base/DCT/.autopilot/db/imager_512.pp.0.cpp.ap-line.cpp C:/Users/alienBot/Documents/GitHub/DCT_base/DCT_base/DCT/.autopilot/db/imager_512.pp.0.cpp.ap-line.cpp.CXX 1
@I [HLS-0] Converting Markers to Pragmas...
@I [HLS-100] Execute       cdt  "C:/Users/alienBot/Documents/GitHub/DCT_base/DCT_base/DCT/.autopilot/db/imager_512.pp.0.cpp.ap-line.cpp"  -m "main" -o "C:/Users/alienBot/Documents/GitHub/DCT_base/DCT_base/DCT/.autopilot/db/imager_512.pp.0.cpp.ap-cdt.cpp" --pp --directive C:/Users/alienBot/Documents/GitHub/DCT_base/DCT_base/DCT/DCT.directive --source C:/Users/alienBot/Documents/GitHub/DCT_base/imager_512.cpp --error C:/Users/alienBot/Documents/GitHub/DCT_base/DCT_base/DCT/.autopilot/db --funcunit "AddSub AddSub_DSP AddSubnS DAddSub_fulldsp DAddSub_nodsp DDiv DExp_fulldsp DExp_meddsp DExp_nodsp DLog_fulldsp DLog_meddsp DLog_nodsp DMul_fulldsp DMul_maxdsp DMul_meddsp DMul_nodsp DRSqrt DRecip DSqrt DivnS FAddSub_fulldsp FAddSub_nodsp FDiv FExp_fulldsp FExp_meddsp FExp_nodsp FLog_fulldsp FLog_meddsp FLog_nodsp FMul_fulldsp FMul_maxdsp FMul_meddsp FMul_nodsp FRSqrt_fulldsp FRSqrt_nodsp FRecip_fulldsp FRecip_nodsp FSqrt HAddSub_nodsp HDiv HMul_fulldsp HMul_maxdsp HMul_nodsp HSqrt Mul Mul2S Mul3S Mul4S Mul5S Mul6S Mul_LUT MulnS MuxnS" --ve --vetcl C:/Users/alienBot/Documents/GitHub/DCT_base/DCT_base/DCT/.autopilot/db --ca --es --gf --pd --p2d C:/Users/alienBot/Documents/GitHub/DCT_base/DCT_base/DCT/.autopilot/db --sd --scff C:/Users/alienBot/Documents/GitHub/DCT_base/DCT_base/DCT/.autopilot/db/.systemc_flag --ad 
@I [HLS-100] Command       cdt returned 0; 6.415 sec.
@I [HLS-0] Marker-Pragma convertor: C:/Users/alienBot/Documents/GitHub/DCT_base/DCT_base/DCT/.autopilot/db/imager_512.pp.0.cpp.ap-cdt.cpp C:/Users/alienBot/Documents/GitHub/DCT_base/DCT_base/DCT/.autopilot/db/imager_512.pragma.0.cpp C:/Users/alienBot/Documents/GitHub/DCT_base/DCT_base/DCT/.autopilot/db/imager_512.pragma.0.cpp.ap-line.CXX 0
@I [HLS-0] Converting Pragmas to Markers...
@I [HLS-100] Execute       source C:/Users/alienBot/Documents/GitHub/DCT_base/DCT_base/DCT/.autopilot/db/pragma.status.tcl 
@I [HLS-100] Command       ap_source returned 0; 0.001 sec.
@I [HLS-0] Pragma Handling...
@I [HLS-0] SystemC Checker
@I [HLS-100] Execute       ap_eval exec clang++ -gcc-toolchain C:/Xilinx/Vivado_HLS/2016.3/msys -hls -DAP_PRE  -I "C:/Xilinx/Vivado_HLS/2016.3/win64/tools/systemc/include" -I "C:/Xilinx/Vivado_HLS/2016.3/include" -I "C:/Xilinx/Vivado_HLS/2016.3/include/ap_sysc" -S "imager_512.cpp" -o C:/Users/alienBot/Documents/GitHub/DCT_base/DCT_base/DCT/.autopilot/db/imager_512.pp.00.o 
@I [HLS-100] Command       ap_eval returned 0; 0.836 sec.
@I [HLS-0] Marker-Pragma convertor: C:/Users/alienBot/Documents/GitHub/DCT_base/DCT_base/DCT/.autopilot/db/imager_512.pragma.1.cpp C:/Users/alienBot/Documents/GitHub/DCT_base/DCT_base/DCT/.autopilot/db/imager_512.scpp.0.cpp C:/Users/alienBot/Documents/GitHub/DCT_base/DCT_base/DCT/.autopilot/db/imager_512.scpp.0.cpp.line_pre.CXX 1
@I [HLS-0] Converting Markers to Pragmas...
@I [HLS-0] SystemC preprocessor
@I [HLS-100] Execute       ap_eval exec C:/Xilinx/Vivado_HLS/2016.3/tps/win64/jre/bin/java -Xmx512m -classpath "C:/Xilinx/Vivado_HLS/2016.3/lib/classes/org.eclipse.cdt.core_5.0.0.200806171202.jar;C:/Xilinx/Vivado_HLS/2016.3/lib/classes/jargs.jar;C:/Xilinx/Vivado_HLS/2016.3/lib/classes/org.eclipse.core.runtime_3.4.0.v20080512.jar;C:/Xilinx/Vivado_HLS/2016.3/lib/classes/org.eclipse.equinox.common_3.4.0.v20080421-2006.jar;C:/Xilinx/Vivado_HLS/2016.3/lib/classes/autopilot.scelaborator.jar"  autopilot.scelaborator.ScParser  -S "C:/Xilinx/Vivado_HLS/2016.3/common/technology/autopilot/ap_sysc" --force-inline  -o "C:/Users/alienBot/Documents/GitHub/DCT_base/DCT_base/DCT/.autopilot/db/" "C:/Users/alienBot/Documents/GitHub/DCT_base/DCT_base/DCT/.autopilot/db/imager_512.scpp.0.cpp" --mi-suffix=2 -d -t 
@I [HLS-100] Command       ap_eval returned 1; 29.034 sec.
@I [HLS-0] Marker-Pragma convertor: C:/Users/alienBot/Documents/GitHub/DCT_base/DCT_base/DCT/.autopilot/db/imager_512.scpp.0.cpp.ssdm.cpp C:/Users/alienBot/Documents/GitHub/DCT_base/DCT_base/DCT/.autopilot/db/imager_512.scpp.1.cpp C:/Users/alienBot/Documents/GitHub/DCT_base/DCT_base/DCT/.autopilot/db/imager_512.scpp.1.cpp.line_post.CXX 0
@I [HLS-0] Converting Pragmas to Markers...
@I [HLS-0] Source preprocessing
@I [HLS-100] Execute       clang  -fno-limit-debug-info -gcc-toolchain "C:/Xilinx/Vivado_HLS/2016.3/msys" -hls -fno-exceptions  -D__llvm__  -CC -E "C:/Users/alienBot/Documents/GitHub/DCT_base/DCT_base/DCT/.autopilot/db/imager_512.pragma.1.cpp"     -fno-math-errno -c -emit-llvm -O0  -mllvm -disable-llvm-optzns -fno-threadsafe-statics  -fno-use-cxa-atexit  -fno-threadsafe-statics -fno-use-cxa-atexit -Wno-attributes -Wno-gcc-compat -D__cdecl= -DAESL_SYN -D__SYNTHESIS__ -D__HLS_SYN__ -I "C:/Xilinx/Vivado_HLS/2016.3/common/technology/autopilot" -I "C:/Xilinx/Vivado_HLS/2016.3/common/technology/autopilot/ap_sysc" -include etc/autopilot_ssdm_op.h  -o "C:/Users/alienBot/Documents/GitHub/DCT_base/DCT_base/DCT/.autopilot/db/imager_512.pragma.2.cpp" 
@I [HLS-100] Command       clang returned 0; 0.438 sec.
@I [HLS-0] Processing labels
@I [HLS-100] Execute       clang  -fno-limit-debug-info -gcc-toolchain C:/Xilinx/Vivado_HLS/2016.3/msys -hls -hls-analyze-label -hls-analyze-pragma -fno-exceptions  -D__llvm__  -w  "C:/Users/alienBot/Documents/GitHub/DCT_base/DCT_base/DCT/.autopilot/db/imager_512.pragma.2.cpp"    -fno-math-errno -c -emit-llvm -O0  -mllvm -disable-llvm-optzns -fno-threadsafe-statics  -fno-use-cxa-atexit -DAESL_SYN -D__SYNTHESIS__ -D__HLS_SYN__ -I "C:/Xilinx/Vivado_HLS/2016.3/common/technology/autopilot" -I "C:/Xilinx/Vivado_HLS/2016.3/common/technology/autopilot/ap_sysc" -include etc/autopilot_ssdm_op.h -g -o "C:/Users/alienBot/Documents/GitHub/DCT_base/DCT_base/DCT/.autopilot/db/imager_512.g.bc" 
@I [HLS-100] Command       clang returned 0; 0.663 sec.
@I [HLS-10] Analyzing design file 'blocker_512.cpp' ... 
@I [HLS-0] Compiling one TU...
@I [HLS-0] Handling blocker_512.cpp as C++
@I [HLS-0] Syntax Checking before pre-processing...
@I [HLS-100] Execute       clang  -fno-limit-debug-info -gcc-toolchain "C:/Xilinx/Vivado_HLS/2016.3/msys" -hls    -fno-math-errno -c -emit-llvm -O0  -mllvm -disable-llvm-optzns -fno-threadsafe-statics  -fno-use-cxa-atexit  -fno-threadsafe-statics -fno-use-cxa-atexit -Wno-attributes -Wno-gcc-compat -D__cdecl=   -I "C:/Xilinx/Vivado_HLS/2016.3/win64/tools/systemc/include" -I "C:/Xilinx/Vivado_HLS/2016.3/include" -I "C:/Xilinx/Vivado_HLS/2016.3/include/ap_sysc" -fexceptions -I "C:/Xilinx/Vivado_HLS/2016.3/common/technology/autopilot" -include etc/autopilot_ssdm_op.h "blocker_512.cpp"  -o "C:/Users/alienBot/Documents/GitHub/DCT_base/DCT_base/DCT/.autopilot/db/blocker_512.pp.00.o" 
@I [HLS-100] Command       clang returned 0; 0.844 sec.
@I [HLS-100] Execute       is_encrypted C:/Users/alienBot/Documents/GitHub/DCT_base/DCT_base/DCT/.autopilot/db/blocker_512.pp.00.o 
@I [HLS-100] Command       is_encrypted returned 0; 0 sec.
@I [HLS-0] Source preprocessing
@I [HLS-100] Execute       clang  -fno-limit-debug-info -gcc-toolchain "C:/Xilinx/Vivado_HLS/2016.3/msys" -hls -fno-exceptions  -D__llvm__  -CC -E "blocker_512.cpp"     -fno-math-errno -c -emit-llvm -O0  -mllvm -disable-llvm-optzns -fno-threadsafe-statics  -fno-use-cxa-atexit  -fno-threadsafe-statics -fno-use-cxa-atexit -Wno-attributes -Wno-gcc-compat -D__cdecl= -DAESL_SYN -D__SYNTHESIS__ -D__HLS_SYN__ -I "C:/Xilinx/Vivado_HLS/2016.3/common/technology/autopilot" -I "C:/Xilinx/Vivado_HLS/2016.3/common/technology/autopilot/ap_sysc" -include etc/autopilot_ssdm_op.h  -o "C:/Users/alienBot/Documents/GitHub/DCT_base/DCT_base/DCT/.autopilot/db/blocker_512.pp.0.cpp" 
@I [HLS-100] Command       clang returned 0; 0.324 sec.
@I [HLS-0] GCC PP time: 0 seconds per iteration
@I [HLS-100] Execute       list_core -type functional_unit 
@I [HLS-100] Command       list_core returned 0; 0 sec.
@I [HLS-0] CDT Preprocessing...
@I [HLS-0] Marker-Pragma convertor: C:/Users/alienBot/Documents/GitHub/DCT_base/DCT_base/DCT/.autopilot/db/blocker_512.pp.0.cpp C:/Users/alienBot/Documents/GitHub/DCT_base/DCT_base/DCT/.autopilot/db/blocker_512.pp.0.cpp.ap-line.cpp C:/Users/alienBot/Documents/GitHub/DCT_base/DCT_base/DCT/.autopilot/db/blocker_512.pp.0.cpp.ap-line.cpp.CXX 1
@I [HLS-0] Converting Markers to Pragmas...
@I [HLS-100] Execute       cdt  "C:/Users/alienBot/Documents/GitHub/DCT_base/DCT_base/DCT/.autopilot/db/blocker_512.pp.0.cpp.ap-line.cpp"  -m "main" -o "C:/Users/alienBot/Documents/GitHub/DCT_base/DCT_base/DCT/.autopilot/db/blocker_512.pp.0.cpp.ap-cdt.cpp" --pp --directive C:/Users/alienBot/Documents/GitHub/DCT_base/DCT_base/DCT/DCT.directive --source C:/Users/alienBot/Documents/GitHub/DCT_base/blocker_512.cpp --error C:/Users/alienBot/Documents/GitHub/DCT_base/DCT_base/DCT/.autopilot/db --funcunit "AddSub AddSub_DSP AddSubnS DAddSub_fulldsp DAddSub_nodsp DDiv DExp_fulldsp DExp_meddsp DExp_nodsp DLog_fulldsp DLog_meddsp DLog_nodsp DMul_fulldsp DMul_maxdsp DMul_meddsp DMul_nodsp DRSqrt DRecip DSqrt DivnS FAddSub_fulldsp FAddSub_nodsp FDiv FExp_fulldsp FExp_meddsp FExp_nodsp FLog_fulldsp FLog_meddsp FLog_nodsp FMul_fulldsp FMul_maxdsp FMul_meddsp FMul_nodsp FRSqrt_fulldsp FRSqrt_nodsp FRecip_fulldsp FRecip_nodsp FSqrt HAddSub_nodsp HDiv HMul_fulldsp HMul_maxdsp HMul_nodsp HSqrt Mul Mul2S Mul3S Mul4S Mul5S Mul6S Mul_LUT MulnS MuxnS" --ve --vetcl C:/Users/alienBot/Documents/GitHub/DCT_base/DCT_base/DCT/.autopilot/db --ca --es --gf --pd --p2d C:/Users/alienBot/Documents/GitHub/DCT_base/DCT_base/DCT/.autopilot/db --sd --scff C:/Users/alienBot/Documents/GitHub/DCT_base/DCT_base/DCT/.autopilot/db/.systemc_flag --ad 
@I [HLS-100] Command       cdt returned 0; 6.072 sec.
@I [HLS-0] Marker-Pragma convertor: C:/Users/alienBot/Documents/GitHub/DCT_base/DCT_base/DCT/.autopilot/db/blocker_512.pp.0.cpp.ap-cdt.cpp C:/Users/alienBot/Documents/GitHub/DCT_base/DCT_base/DCT/.autopilot/db/blocker_512.pragma.0.cpp C:/Users/alienBot/Documents/GitHub/DCT_base/DCT_base/DCT/.autopilot/db/blocker_512.pragma.0.cpp.ap-line.CXX 0
@I [HLS-0] Converting Pragmas to Markers...
@I [HLS-100] Execute       source C:/Users/alienBot/Documents/GitHub/DCT_base/DCT_base/DCT/.autopilot/db/pragma.status.tcl 
@I [HLS-100] Command       ap_source returned 0; 0.001 sec.
@I [HLS-0] Pragma Handling...
@I [HLS-0] SystemC Checker
@I [HLS-100] Execute       ap_eval exec clang++ -gcc-toolchain C:/Xilinx/Vivado_HLS/2016.3/msys -hls -DAP_PRE  -I "C:/Xilinx/Vivado_HLS/2016.3/win64/tools/systemc/include" -I "C:/Xilinx/Vivado_HLS/2016.3/include" -I "C:/Xilinx/Vivado_HLS/2016.3/include/ap_sysc" -S "blocker_512.cpp" -o C:/Users/alienBot/Documents/GitHub/DCT_base/DCT_base/DCT/.autopilot/db/blocker_512.pp.00.o 
@I [HLS-100] Command       ap_eval returned 0; 0.846 sec.
@I [HLS-0] Marker-Pragma convertor: C:/Users/alienBot/Documents/GitHub/DCT_base/DCT_base/DCT/.autopilot/db/blocker_512.pragma.1.cpp C:/Users/alienBot/Documents/GitHub/DCT_base/DCT_base/DCT/.autopilot/db/blocker_512.scpp.0.cpp C:/Users/alienBot/Documents/GitHub/DCT_base/DCT_base/DCT/.autopilot/db/blocker_512.scpp.0.cpp.line_pre.CXX 1
@I [HLS-0] Converting Markers to Pragmas...
@I [HLS-0] SystemC preprocessor
@I [HLS-100] Execute       ap_eval exec C:/Xilinx/Vivado_HLS/2016.3/tps/win64/jre/bin/java -Xmx512m -classpath "C:/Xilinx/Vivado_HLS/2016.3/lib/classes/org.eclipse.cdt.core_5.0.0.200806171202.jar;C:/Xilinx/Vivado_HLS/2016.3/lib/classes/jargs.jar;C:/Xilinx/Vivado_HLS/2016.3/lib/classes/org.eclipse.core.runtime_3.4.0.v20080512.jar;C:/Xilinx/Vivado_HLS/2016.3/lib/classes/org.eclipse.equinox.common_3.4.0.v20080421-2006.jar;C:/Xilinx/Vivado_HLS/2016.3/lib/classes/autopilot.scelaborator.jar"  autopilot.scelaborator.ScParser  -S "C:/Xilinx/Vivado_HLS/2016.3/common/technology/autopilot/ap_sysc" --force-inline  -o "C:/Users/alienBot/Documents/GitHub/DCT_base/DCT_base/DCT/.autopilot/db/" "C:/Users/alienBot/Documents/GitHub/DCT_base/DCT_base/DCT/.autopilot/db/blocker_512.scpp.0.cpp" --mi-suffix=3 -d -t 
@I [HLS-100] Command       ap_eval returned 1; 26.473 sec.
@I [HLS-0] Marker-Pragma convertor: C:/Users/alienBot/Documents/GitHub/DCT_base/DCT_base/DCT/.autopilot/db/blocker_512.scpp.0.cpp.ssdm.cpp C:/Users/alienBot/Documents/GitHub/DCT_base/DCT_base/DCT/.autopilot/db/blocker_512.scpp.1.cpp C:/Users/alienBot/Documents/GitHub/DCT_base/DCT_base/DCT/.autopilot/db/blocker_512.scpp.1.cpp.line_post.CXX 0
@I [HLS-0] Converting Pragmas to Markers...
@I [HLS-0] Source preprocessing
@I [HLS-100] Execute       clang  -fno-limit-debug-info -gcc-toolchain "C:/Xilinx/Vivado_HLS/2016.3/msys" -hls -fno-exceptions  -D__llvm__  -CC -E "C:/Users/alienBot/Documents/GitHub/DCT_base/DCT_base/DCT/.autopilot/db/blocker_512.pragma.1.cpp"     -fno-math-errno -c -emit-llvm -O0  -mllvm -disable-llvm-optzns -fno-threadsafe-statics  -fno-use-cxa-atexit  -fno-threadsafe-statics -fno-use-cxa-atexit -Wno-attributes -Wno-gcc-compat -D__cdecl= -DAESL_SYN -D__SYNTHESIS__ -D__HLS_SYN__ -I "C:/Xilinx/Vivado_HLS/2016.3/common/technology/autopilot" -I "C:/Xilinx/Vivado_HLS/2016.3/common/technology/autopilot/ap_sysc" -include etc/autopilot_ssdm_op.h  -o "C:/Users/alienBot/Documents/GitHub/DCT_base/DCT_base/DCT/.autopilot/db/blocker_512.pragma.2.cpp" 
@I [HLS-100] Command       clang returned 0; 0.295 sec.
@I [HLS-0] Processing labels
@I [HLS-100] Execute       clang  -fno-limit-debug-info -gcc-toolchain C:/Xilinx/Vivado_HLS/2016.3/msys -hls -hls-analyze-label -hls-analyze-pragma -fno-exceptions  -D__llvm__  -w  "C:/Users/alienBot/Documents/GitHub/DCT_base/DCT_base/DCT/.autopilot/db/blocker_512.pragma.2.cpp"    -fno-math-errno -c -emit-llvm -O0  -mllvm -disable-llvm-optzns -fno-threadsafe-statics  -fno-use-cxa-atexit -DAESL_SYN -D__SYNTHESIS__ -D__HLS_SYN__ -I "C:/Xilinx/Vivado_HLS/2016.3/common/technology/autopilot" -I "C:/Xilinx/Vivado_HLS/2016.3/common/technology/autopilot/ap_sysc" -include etc/autopilot_ssdm_op.h -g -o "C:/Users/alienBot/Documents/GitHub/DCT_base/DCT_base/DCT/.autopilot/db/blocker_512.g.bc" 
@I [HLS-100] Command       clang returned 0; 0.64 sec.
@I [HLS-10] Analyzing design file 'Top.cpp' ... 
@I [HLS-0] Compiling one TU...
@I [HLS-0] Handling Top.cpp as C++
@I [HLS-0] Syntax Checking before pre-processing...
@I [HLS-100] Execute       clang  -fno-limit-debug-info -gcc-toolchain "C:/Xilinx/Vivado_HLS/2016.3/msys" -hls    -fno-math-errno -c -emit-llvm -O0  -mllvm -disable-llvm-optzns -fno-threadsafe-statics  -fno-use-cxa-atexit  -fno-threadsafe-statics -fno-use-cxa-atexit -Wno-attributes -Wno-gcc-compat -D__cdecl=   -I "C:/Xilinx/Vivado_HLS/2016.3/win64/tools/systemc/include" -I "C:/Xilinx/Vivado_HLS/2016.3/include" -I "C:/Xilinx/Vivado_HLS/2016.3/include/ap_sysc" -fexceptions -I "C:/Xilinx/Vivado_HLS/2016.3/common/technology/autopilot" -include etc/autopilot_ssdm_op.h "Top.cpp"  -o "C:/Users/alienBot/Documents/GitHub/DCT_base/DCT_base/DCT/.autopilot/db/Top.pp.00.o" 
@I [HLS-100] Command       clang returned 0; 0.959 sec.
@I [HLS-100] Execute       is_encrypted C:/Users/alienBot/Documents/GitHub/DCT_base/DCT_base/DCT/.autopilot/db/Top.pp.00.o 
@I [HLS-100] Command       is_encrypted returned 0; 0 sec.
@I [HLS-0] Source preprocessing
@I [HLS-100] Execute       clang  -fno-limit-debug-info -gcc-toolchain "C:/Xilinx/Vivado_HLS/2016.3/msys" -hls -fno-exceptions  -D__llvm__  -CC -E "Top.cpp"     -fno-math-errno -c -emit-llvm -O0  -mllvm -disable-llvm-optzns -fno-threadsafe-statics  -fno-use-cxa-atexit  -fno-threadsafe-statics -fno-use-cxa-atexit -Wno-attributes -Wno-gcc-compat -D__cdecl= -DAESL_SYN -D__SYNTHESIS__ -D__HLS_SYN__ -I "C:/Xilinx/Vivado_HLS/2016.3/common/technology/autopilot" -I "C:/Xilinx/Vivado_HLS/2016.3/common/technology/autopilot/ap_sysc" -include etc/autopilot_ssdm_op.h  -o "C:/Users/alienBot/Documents/GitHub/DCT_base/DCT_base/DCT/.autopilot/db/Top.pp.0.cpp" 
@I [HLS-100] Command       clang returned 0; 0.318 sec.
@I [HLS-0] GCC PP time: 0 seconds per iteration
@I [HLS-100] Execute       list_core -type functional_unit 
@I [HLS-100] Command       list_core returned 0; 0 sec.
@I [HLS-0] CDT Preprocessing...
@I [HLS-0] Marker-Pragma convertor: C:/Users/alienBot/Documents/GitHub/DCT_base/DCT_base/DCT/.autopilot/db/Top.pp.0.cpp C:/Users/alienBot/Documents/GitHub/DCT_base/DCT_base/DCT/.autopilot/db/Top.pp.0.cpp.ap-line.cpp C:/Users/alienBot/Documents/GitHub/DCT_base/DCT_base/DCT/.autopilot/db/Top.pp.0.cpp.ap-line.cpp.CXX 1
@I [HLS-0] Converting Markers to Pragmas...
@I [HLS-100] Execute       cdt  "C:/Users/alienBot/Documents/GitHub/DCT_base/DCT_base/DCT/.autopilot/db/Top.pp.0.cpp.ap-line.cpp"  -m "main" -o "C:/Users/alienBot/Documents/GitHub/DCT_base/DCT_base/DCT/.autopilot/db/Top.pp.0.cpp.ap-cdt.cpp" --pp --directive C:/Users/alienBot/Documents/GitHub/DCT_base/DCT_base/DCT/DCT.directive --source C:/Users/alienBot/Documents/GitHub/DCT_base/Top.cpp --error C:/Users/alienBot/Documents/GitHub/DCT_base/DCT_base/DCT/.autopilot/db --funcunit "AddSub AddSub_DSP AddSubnS DAddSub_fulldsp DAddSub_nodsp DDiv DExp_fulldsp DExp_meddsp DExp_nodsp DLog_fulldsp DLog_meddsp DLog_nodsp DMul_fulldsp DMul_maxdsp DMul_meddsp DMul_nodsp DRSqrt DRecip DSqrt DivnS FAddSub_fulldsp FAddSub_nodsp FDiv FExp_fulldsp FExp_meddsp FExp_nodsp FLog_fulldsp FLog_meddsp FLog_nodsp FMul_fulldsp FMul_maxdsp FMul_meddsp FMul_nodsp FRSqrt_fulldsp FRSqrt_nodsp FRecip_fulldsp FRecip_nodsp FSqrt HAddSub_nodsp HDiv HMul_fulldsp HMul_maxdsp HMul_nodsp HSqrt Mul Mul2S Mul3S Mul4S Mul5S Mul6S Mul_LUT MulnS MuxnS" --ve --vetcl C:/Users/alienBot/Documents/GitHub/DCT_base/DCT_base/DCT/.autopilot/db --ca --es --gf --pd --p2d C:/Users/alienBot/Documents/GitHub/DCT_base/DCT_base/DCT/.autopilot/db --sd --scff C:/Users/alienBot/Documents/GitHub/DCT_base/DCT_base/DCT/.autopilot/db/.systemc_flag --ad 
@I [HLS-100] Command       cdt returned 0; 5.813 sec.
@I [HLS-0] Marker-Pragma convertor: C:/Users/alienBot/Documents/GitHub/DCT_base/DCT_base/DCT/.autopilot/db/Top.pp.0.cpp.ap-cdt.cpp C:/Users/alienBot/Documents/GitHub/DCT_base/DCT_base/DCT/.autopilot/db/Top.pragma.0.cpp C:/Users/alienBot/Documents/GitHub/DCT_base/DCT_base/DCT/.autopilot/db/Top.pragma.0.cpp.ap-line.CXX 0
@I [HLS-0] Converting Pragmas to Markers...
@I [HLS-100] Execute       source C:/Users/alienBot/Documents/GitHub/DCT_base/DCT_base/DCT/.autopilot/db/pragma.status.tcl 
@I [HLS-100] Command       ap_source returned 0; 0.001 sec.
@I [HLS-0] Pragma Handling...
@I [HLS-0] SystemC Checker
@I [HLS-100] Execute       ap_eval exec clang++ -gcc-toolchain C:/Xilinx/Vivado_HLS/2016.3/msys -hls -DAP_PRE  -I "C:/Xilinx/Vivado_HLS/2016.3/win64/tools/systemc/include" -I "C:/Xilinx/Vivado_HLS/2016.3/include" -I "C:/Xilinx/Vivado_HLS/2016.3/include/ap_sysc" -S "Top.cpp" -o C:/Users/alienBot/Documents/GitHub/DCT_base/DCT_base/DCT/.autopilot/db/Top.pp.00.o 
@I [HLS-100] Command       ap_eval returned 0; 0.924 sec.
@I [HLS-0] Marker-Pragma convertor: C:/Users/alienBot/Documents/GitHub/DCT_base/DCT_base/DCT/.autopilot/db/Top.pragma.1.cpp C:/Users/alienBot/Documents/GitHub/DCT_base/DCT_base/DCT/.autopilot/db/Top.scpp.0.cpp C:/Users/alienBot/Documents/GitHub/DCT_base/DCT_base/DCT/.autopilot/db/Top.scpp.0.cpp.line_pre.CXX 1
@I [HLS-0] Converting Markers to Pragmas...
@I [HLS-0] SystemC preprocessor
@I [HLS-100] Execute       ap_eval exec C:/Xilinx/Vivado_HLS/2016.3/tps/win64/jre/bin/java -Xmx512m -classpath "C:/Xilinx/Vivado_HLS/2016.3/lib/classes/org.eclipse.cdt.core_5.0.0.200806171202.jar;C:/Xilinx/Vivado_HLS/2016.3/lib/classes/jargs.jar;C:/Xilinx/Vivado_HLS/2016.3/lib/classes/org.eclipse.core.runtime_3.4.0.v20080512.jar;C:/Xilinx/Vivado_HLS/2016.3/lib/classes/org.eclipse.equinox.common_3.4.0.v20080421-2006.jar;C:/Xilinx/Vivado_HLS/2016.3/lib/classes/autopilot.scelaborator.jar"  autopilot.scelaborator.ScParser  -S "C:/Xilinx/Vivado_HLS/2016.3/common/technology/autopilot/ap_sysc" --force-inline  -o "C:/Users/alienBot/Documents/GitHub/DCT_base/DCT_base/DCT/.autopilot/db/" "C:/Users/alienBot/Documents/GitHub/DCT_base/DCT_base/DCT/.autopilot/db/Top.scpp.0.cpp" --mi-suffix=4 -d -t 
@I [HLS-100] Command       ap_eval returned 1; 27.164 sec.
@I [HLS-0] Marker-Pragma convertor: C:/Users/alienBot/Documents/GitHub/DCT_base/DCT_base/DCT/.autopilot/db/Top.scpp.0.cpp.ssdm.cpp C:/Users/alienBot/Documents/GitHub/DCT_base/DCT_base/DCT/.autopilot/db/Top.scpp.1.cpp C:/Users/alienBot/Documents/GitHub/DCT_base/DCT_base/DCT/.autopilot/db/Top.scpp.1.cpp.line_post.CXX 0
@I [HLS-0] Converting Pragmas to Markers...
@I [HLS-0] Source preprocessing
@I [HLS-100] Execute       clang  -fno-limit-debug-info -gcc-toolchain "C:/Xilinx/Vivado_HLS/2016.3/msys" -hls -fno-exceptions  -D__llvm__  -CC -E "C:/Users/alienBot/Documents/GitHub/DCT_base/DCT_base/DCT/.autopilot/db/Top.pragma.1.cpp"     -fno-math-errno -c -emit-llvm -O0  -mllvm -disable-llvm-optzns -fno-threadsafe-statics  -fno-use-cxa-atexit  -fno-threadsafe-statics -fno-use-cxa-atexit -Wno-attributes -Wno-gcc-compat -D__cdecl= -DAESL_SYN -D__SYNTHESIS__ -D__HLS_SYN__ -I "C:/Xilinx/Vivado_HLS/2016.3/common/technology/autopilot" -I "C:/Xilinx/Vivado_HLS/2016.3/common/technology/autopilot/ap_sysc" -include etc/autopilot_ssdm_op.h  -o "C:/Users/alienBot/Documents/GitHub/DCT_base/DCT_base/DCT/.autopilot/db/Top.pragma.2.cpp" 
@I [HLS-100] Command       clang returned 0; 0.419 sec.
@I [HLS-0] Processing labels
@I [HLS-100] Execute       clang  -fno-limit-debug-info -gcc-toolchain C:/Xilinx/Vivado_HLS/2016.3/msys -hls -hls-analyze-label -hls-analyze-pragma -fno-exceptions  -D__llvm__  -w  "C:/Users/alienBot/Documents/GitHub/DCT_base/DCT_base/DCT/.autopilot/db/Top.pragma.2.cpp"    -fno-math-errno -c -emit-llvm -O0  -mllvm -disable-llvm-optzns -fno-threadsafe-statics  -fno-use-cxa-atexit -DAESL_SYN -D__SYNTHESIS__ -D__HLS_SYN__ -I "C:/Xilinx/Vivado_HLS/2016.3/common/technology/autopilot" -I "C:/Xilinx/Vivado_HLS/2016.3/common/technology/autopilot/ap_sysc" -include etc/autopilot_ssdm_op.h -g -o "C:/Users/alienBot/Documents/GitHub/DCT_base/DCT_base/DCT/.autopilot/db/Top.g.bc" 
@I [HLS-100] Command       clang returned 0; 0.68 sec.
@I [HLS-100] Execute       source C:/Users/alienBot/Documents/GitHub/DCT_base/DCT_base/DCT/.autopilot/db/ve_warning.tcl 
@I [HLS-100] Command       ap_source returned 0; 0.004 sec.
@I [HLS-10] Validating synthesis directives ...
@I [HLS-100] Execute       source C:/Users/alienBot/Documents/GitHub/DCT_base/DCT_base/DCT/.autopilot/db/pragma.status.tcl 
@I [HLS-100] Command       ap_source returned 0; 0.002 sec.
@I [HLS-111] Finished Checking Pragmas Time (s): cpu = 00:00:11 ; elapsed = 00:03:18 . Memory (MB): peak = 108.320 ; gain = 59.488
@I [HLS-0] Linking Release ...
@I [HLS-100] Execute       llvm-ld C:/Users/alienBot/Documents/GitHub/DCT_base/DCT_base/DCT/.autopilot/db/sc_FIFO_IDCT.bc C:/Users/alienBot/Documents/GitHub/DCT_base/DCT_base/DCT/.autopilot/db/sc_FIFO_DCT.bc C:/Users/alienBot/Documents/GitHub/DCT_base/DCT_base/DCT/.autopilot/db/imager_512.bc C:/Users/alienBot/Documents/GitHub/DCT_base/DCT_base/DCT/.autopilot/db/blocker_512.bc C:/Users/alienBot/Documents/GitHub/DCT_base/DCT_base/DCT/.autopilot/db/Top.bc -disable-opt -LC:/Xilinx/Vivado_HLS/2016.3/win64/lib -lm_basic -o C:/Users/alienBot/Documents/GitHub/DCT_base/DCT_base/DCT/.autopilot/db/a.o 
@I [HLS-100] Command       llvm-ld returned 0; 0.547 sec.
@I [HLS-100] Execute       disassemble C:/Users/alienBot/Documents/GitHub/DCT_base/DCT_base/DCT/.autopilot/db/a.o C:/Users/alienBot/Documents/GitHub/DCT_base/DCT_base/DCT/.autopilot/db/a.o 
@I [HLS-100] Execute         is_encrypted C:/Users/alienBot/Documents/GitHub/DCT_base/DCT_base/DCT/.autopilot/db/a.o.bc 
@I [HLS-100] Command         is_encrypted returned 0; 0 sec.
@I [HLS-100] Command       disassemble returned 0; 0.222 sec.
@I [HLS-0] Disassemble time: 0 seconds per iteration
@I [HLS-0] Linking Debug ...
@I [HLS-100] Execute       llvm-ld C:/Users/alienBot/Documents/GitHub/DCT_base/DCT_base/DCT/.autopilot/db/sc_FIFO_IDCT.g.bc C:/Users/alienBot/Documents/GitHub/DCT_base/DCT_base/DCT/.autopilot/db/sc_FIFO_DCT.g.bc C:/Users/alienBot/Documents/GitHub/DCT_base/DCT_base/DCT/.autopilot/db/imager_512.g.bc C:/Users/alienBot/Documents/GitHub/DCT_base/DCT_base/DCT/.autopilot/db/blocker_512.g.bc C:/Users/alienBot/Documents/GitHub/DCT_base/DCT_base/DCT/.autopilot/db/Top.g.bc -disable-opt -LC:/Xilinx/Vivado_HLS/2016.3/win64/lib -lm_basic -o C:/Users/alienBot/Documents/GitHub/DCT_base/DCT_base/DCT/.autopilot/db/a.g 
@I [HLS-100] Command       llvm-ld returned 0; 0.433 sec.
@I [HLS-100] Execute       disassemble C:/Users/alienBot/Documents/GitHub/DCT_base/DCT_base/DCT/.autopilot/db/a.g C:/Users/alienBot/Documents/GitHub/DCT_base/DCT_base/DCT/.autopilot/db/a.g 
@I [HLS-100] Execute         is_encrypted C:/Users/alienBot/Documents/GitHub/DCT_base/DCT_base/DCT/.autopilot/db/a.g.bc 
@I [HLS-100] Command         is_encrypted returned 0; 0 sec.
@I [HLS-100] Command       disassemble returned 0; 0.203 sec.
@I [HLS-0] Disassemble time: 0 seconds per iteration
@I [HLS-111] Finished Linking Time (s): cpu = 00:00:11 ; elapsed = 00:03:20 . Memory (MB): peak = 108.320 ; gain = 59.488
@I [HLS-100] Execute       opt_and_import_c a -opt_level=2 -skip_syncheck=0 -ng=0 -keep_printf=0 
@I [HLS-100] Execute         cleanup_all_models 
@I [HLS-100] Command         cleanup_all_models returned 0; 0 sec.
@I [HLS-10] Starting code transformations ...
@I [HLS-100] Execute         transform -promote-dbg-pointer C:/Users/alienBot/Documents/GitHub/DCT_base/DCT_base/DCT/.autopilot/db/a.pp.bc -o C:/Users/alienBot/Documents/GitHub/DCT_base/DCT_base/DCT/.autopilot/db/a.pp.0.bc -f 
@I [HLS-100] Command         transform returned 0; 0.092 sec.
@I [HLS-100] Execute         llvm-ld C:/Users/alienBot/Documents/GitHub/DCT_base/DCT_base/DCT/.autopilot/db/a.pp.0.bc -disable-opt -LC:/Xilinx/Vivado_HLS/2016.3/win64/lib -lfloatconversion -o C:/Users/alienBot/Documents/GitHub/DCT_base/DCT_base/DCT/.autopilot/db/a.g.0 
@I [HLS-100] Command         llvm-ld returned 0; 0.344 sec.
@I [HLS-0] Running Standard Transforms...
@I [HLS-100] Execute         transform -hls -share-std-xform -always-inline -promote-dbg-pointer -interface-preproc -scalarrepl -mem2reg -keep-read-access -instcombine -dce -promote-dbg-pointer -bitop-raise -indvarspre -indvars -loop-simplify -xunroll -constprop -instcombine -simplifycfg -indvars -simplifycfg -dce -globaldce -basicaa -simplifycfg -mem2reg -globalopt -global-constprop -deadargelim -instcombine -simplifycfg -prune-eh -simplifycfg -scalarrepl -instcombine -reassociate -licm -simplifycfg -loop-simplify -indvars -instcombine -simplifycfg -mem2reg -loop-simplify -indvars -instcombine -gvn -gvn -instcombine -adce -break-crit-edges -simplifycfg -loop-delete -global-array-opt -dce -dse -adce -find-syn-modules -top main -deadargelim -mem2reg -instcombine -dce -presyn-prepare -auto-rom-infer -interface-preproc -syn-check -check-rec-only -find-region -simplifycfg -func-extr -function-inline -globaldce -mem2reg -instcombine -dce -gvn -globaldce -adce -adse -constprop -instcombine -bit-constprop -instcombine -dce -simplifycfg -bitop-raise -simplifycfg -dce -loop-delete -reassociate -globalopt -global-privatize -mem2reg -dce -global-constprop -pointer-simplify -constprop -dce -func-inst -deadargelim -promote-dbg-pointer -norm-name C:/Users/alienBot/Documents/GitHub/DCT_base/DCT_base/DCT/.autopilot/db/a.g.0.bc -o C:/Users/alienBot/Documents/GitHub/DCT_base/DCT_base/DCT/.autopilot/db/a.g.1.bc -f -phase std-opt 
@I [HLS-100] Command         transform returned 0; 0.366 sec.
@I [HLS-100] Execute         disassemble C:/Users/alienBot/Documents/GitHub/DCT_base/DCT_base/DCT/.autopilot/db/a.g.1 C:/Users/alienBot/Documents/GitHub/DCT_base/DCT_base/DCT/.autopilot/db/a.g.1 
@I [HLS-100] Execute           is_encrypted C:/Users/alienBot/Documents/GitHub/DCT_base/DCT_base/DCT/.autopilot/db/a.g.1.bc 
@I [HLS-100] Command           is_encrypted returned 0; 0.008 sec.
@I [HLS-100] Command         disassemble returned 0; 0.228 sec.
@I [HLS-111] Finished Standard Transforms Time (s): cpu = 00:00:11 ; elapsed = 00:03:21 . Memory (MB): peak = 119.984 ; gain = 71.152
@I [HLS-10] Checking synthesizability ...
@I [HLS-0] Checking Synthesizability 1/2..
@I [HLS-100] Execute         transform -hls -syn-check -check-rec-only -disaggr -scalarrepl -norm-name -dce -mem2reg -instcombine -function-uniquify -directive-preproc -mem2reg -dse -dce -auto-rom-infer -dce -array-normalize -instcombine -dce -array-seg-normalize -instcombine -dce -array-flatten -instcombine -dce -array-burst -dce -deadargelim -promote-global-argument -simplifycfg -mem2reg -globaldce -resolve-double-ptr -dce -deadargelim -dce -instcombine -function-inline -globaldce -dce -doublePtrSimplify -doublePtrElim -dce -doublePtrSimplify -promote-dbg-pointer -dce -scalarrepl -dse -adse -instcombine -ptrLegalization -simplifycfg -dce -instcombine -pointer-simplify -ptrArgReplace -dce -instcombine -disaggr -scalarrepl -norm-name -dce -mem2reg -instcombine -ptrLegalization -simplifycfg -deadargelim -instcombine -dce -inst-simplify -function-uniquify -directive-preproc -mem2reg -dse -dce -globaldce C:/Users/alienBot/Documents/GitHub/DCT_base/DCT_base/DCT/.autopilot/db/a.g.1.bc -o C:/Users/alienBot/Documents/GitHub/DCT_base/DCT_base/DCT/.autopilot/db/a.g.2.prechk.bc -f 
@I [HLS-100] Command         transform returned 0; 0.546 sec.
@I [HLS-0] Checking Synthesizability 2/2..
@I [HLS-100] Execute         transform -syn-check C:/Users/alienBot/Documents/GitHub/DCT_base/DCT_base/DCT/.autopilot/db/a.g.2.prechk.bc -o C:/Users/alienBot/Documents/GitHub/DCT_base/DCT_base/DCT/.autopilot/db/a.g.2.bc -f -phase syn-check 
@I [HLS-100] Command         transform returned 0; 0.115 sec.
@I [HLS-111] Finished Checking Synthesizability Time (s): cpu = 00:00:12 ; elapsed = 00:03:21 . Memory (MB): peak = 139.098 ; gain = 90.266
@I [HLS-0] Compiler optimizing ...
@I [HLS-0] Share syncheck's 1.bc for syn flow: copy C:/Users/alienBot/Documents/GitHub/DCT_base/DCT_base/DCT/.autopilot/db/a.g.1.bc to C:/Users/alienBot/Documents/GitHub/DCT_base/DCT_base/DCT/.autopilot/db/a.o.1.bc
@I [HLS-0] Presyn 1...
@I [HLS-100] Execute         transform -hls -tmp C:/Users/alienBot/Documents/GitHub/DCT_base/DCT_base/DCT/.autopilot/db -interface-port-rename -type-info -function-uniquify -directive-preproc -mem2reg -dse -dce -disaggr -scalarrepl -norm-name -deadargelim -mem2reg -instcombine -dce -auto-rom-infer -dce -function-uniquify -resource-proc -simplifycfg -mem2reg -globaldce -resolve-double-ptr -dce -deadargelim -dce -instcombine -clib-intrinsic-prepare -dce -func-buffer -dce -array-normalize -func-legal -instcombine -gvn -constprop -dce -ptrArgReplace -mem2reg -instcombine -dce -array-seg-normalize -deadargelim -instcombine -dce -pointer-simplify -dce -port-alignment -dce -interface-preproc -data-pack -instcombine -dce -basicaa -aggr-aa -aggrmodref-aa -aggr-aa -gvn -gvn -basicaa -aggr-aa -aggrmodref-aa -aggr-aa -dse -adse -adce -loop-simplify -indvars -instcombine -gvn -loop-simplify -mem2reg -dce -simplifycfg -find-region -instcombine -auto-loop-pipeline -inst-simplify -interface-preproc -cfgopt -instcombine -indvars -auto-loop-unroll -loop-simplify -loop-bound -xunroll -constprop -instcombine -simplifycfg -indvars -simplifycfg -dce -globaldce -clean-region -attach-range -gvn -inst-simplify -constprop -simplifycfg -dce -pointer-simplify -dce -globalopt -constprop -dce -array-promote -constprop -instcombine -dce -ptrArgReplace -mem2reg -instcombine -simplifycfg -dce -auto-par -instcombine -dce -array-transform-check -array-reshape -instcombine -simplifycfg -dce -ptrArgReplace -deadargelim -mem2reg -instcombine -simplifycfg -dce -indvars -loop-simplify -loop-bound -xunroll -constprop -instcombine -simplifycfg -indvars -simplifycfg -dce -globaldce -duplicate-dataflow-processes -globaldce -instcombine -array-partition -instcombine -simplifycfg -dce -ptrArgReplace -global-constprop -deadargelim -mem2reg -func-legal -instcombine -dce -global-constprop -deadargelim -mem2reg -instcombine -simplifycfg -dce -globalopt -constprop -dce -array-promote -constprop -instcombine -dce -ptrArgReplace -mem2reg -instcombine -simplifycfg -dce -mem-intrinsic-preproc -dce -global-privatize -mem2reg -globaldce -promote-global-argument -ptrArgReplace -mem2reg -instcombine -dce -globalopt -mergereturn -simplify-global-access -mem2reg -dce -pointer-simplify -dce -functionattrs -basicaa -aggr-aa -aggrmodref-aa -aggr-aa -gvn -gvn -basicaa -aggr-aa -aggrmodref-aa -aggr-aa -dse -adse -adce -inst-simplify -dce -norm-name -function-inline -globaldce -func-inst -constprop -instcombine -simplifycfg -dce -func-legal -dce -loop-bound -arraycheck -bitwidthmin -on-by-dataflow -loop-delete -instcombine -simplifycfg -globaldce -dce -gvn -deadargelim -dce -loop-simplify -clean-region -simplifycfg -propagate-stable-arguments -loop-stream -instcombine -simplifycfg -dce -globaldce -stream-intrinsic-preproc -dce -check-ap-stream -loop-simplify -eliminate-keepreads -extract-dataflow-in-loop -loop-simplify -dce -gvn -deadargelim -dse -check-dataflow-syntax -legalize-stream-variable -legalize-global -extract-subproc -dce -dead-channel-elimination -canonicalize-gep -globaldce -dce -gvn -deadargelim -annotate-dataflow-channels -scalar-propagation -deadargelim -globaldce -mem2reg -check-dataflow-channels -function-stream -dce -globaldce -prop-fifo-spec -internal-stream-gen -canonicalize-gep -globaldce -dce -gvn -deadargelim -mergereturn -indvars -loop-simplify -instcombine -array-stream -array-seg-normalize -array-partition -func-legal -instcombine -simplifycfg -dce -bundle-memfifo-ops -deadargelim -function-uniquify -directive-preproc -mem2reg -dse -dce -group-axi-access -licm -simplifycfg -dce -loop-delete -norm-name C:/Users/alienBot/Documents/GitHub/DCT_base/DCT_base/DCT/.autopilot/db/a.o.1.bc -o C:/Users/alienBot/Documents/GitHub/DCT_base/DCT_base/DCT/.autopilot/db/a.o.1.tmp.bc -f 
@I [HLS-100] Command         transform returned 0; 1.289 sec.
@I [HLS-0] Presyn 2...
@I [HLS-100] Execute         transform -hls -keep-callgraph -scalarrepl -mem2reg -port-alignment -attach-range -dce -pipe-mux-gen -indvars -loop-bound -inst-simplify -instcombine -dce -merge-array-access -mem2reg -dce -clean-region -mergereturn -if-conv -instcombine -dce -constprop -basicaa -aggr-aa -aggrmodref-aa -aggr-aa -gvn -gvn -basicaa -aggr-aa -aggrmodref-aa -aggr-aa -dse -adse -adce -scalarrepl -mem2reg -global-constprop -deadargelim -deadargelim -instcombine -dce -simplifycfg -ptrArgReplace -mem2reg -function-inline -globaldce -mem2reg -instcombine -dce -expr-balance -instcombine -dce -bitwidthmin -interface-preproc -directive-preproc -inst-rectify -instcombine -dce -functionattrs -constprop -instcombine -bit-constprop -simplify-global-access -globalopt -globaldce -inst-simplify -instcombine -elimdeaddata -dce -loop-delete -simplifycfg -loop-simplify -auto-burst -norm-name C:/Users/alienBot/Documents/GitHub/DCT_base/DCT_base/DCT/.autopilot/db/a.o.1.tmp.bc -o C:/Users/alienBot/Documents/GitHub/DCT_base/DCT_base/DCT/.autopilot/db/a.o.2.bc -f -phase presyn 
@I [HLS-100] Command         transform returned 0; 0.668 sec.
@I [HLS-100] Execute         disassemble C:/Users/alienBot/Documents/GitHub/DCT_base/DCT_base/DCT/.autopilot/db/a.o.2 C:/Users/alienBot/Documents/GitHub/DCT_base/DCT_base/DCT/.autopilot/db/a.o.2 
@I [HLS-100] Execute           is_encrypted C:/Users/alienBot/Documents/GitHub/DCT_base/DCT_base/DCT/.autopilot/db/a.o.2.bc 
@I [HLS-100] Command           is_encrypted returned 0; 0.007 sec.
@I [HLS-100] Command         disassemble returned 0; 0.191 sec.
@I [HLS-111] Finished Pre-synthesis Time (s): cpu = 00:00:14 ; elapsed = 00:03:24 . Memory (MB): peak = 183.266 ; gain = 134.434
@I [HLS-0] Building ssdm...
@I [HLS-100] Execute         transform -hls -function-uniquify -auto-function-inline -globaldce -ptrArgReplace -mem2reg -instcombine -dce -reset-lda -loop-simplify -indvars -licm -loop-dep -loop-bound -licm -loop-simplify -flattenloopnest -array-flatten -gvn -instcombine -dce -array-map -dce -func-legal -gvn -adce -instcombine -cfgopt -simplifycfg -loop-simplify -array-burst -promote-global-argument -dce -axi4-lower -array-seg-normalize -basicaa -aggrmodref-aa -globalsmodref-aa -aggr-aa -gvn -gvn -basicaa -aggrmodref-aa -globalsmodref-aa -aggr-aa -dse -adse -adce -licm -inst-simplify -dce -globaldce -instcombine -array-stream -eliminate-keepreads -instcombine -dce -deadargelim -doublePtrSimplify -doublePtrElim -dce -doublePtrSimplify -promote-dbg-pointer -dce -scalarrepl -mem2reg -disaggr -norm-name -mem2reg -instcombine -dse -adse -adce -ptrLegalization -dce -auto-rom-infer -array-flatten -dce -instcombine -loop-rot -constprop -cfgopt -simplifycfg -loop-simplify -indvars -pointer-simplify -dce -loop-bound -loop-simplify -loop-preproc -constprop -global-constprop -gvn -mem2reg -instcombine -dce -loop-bound -loop-merge -dce -bitwidthmin -deadargelim -dce -canonicalize-dataflow -dce -scalar-propagation -deadargelim -globaldce -mem2reg -interface-preproc -interface-gen -deadargelim -directive-preproc -inst-simplify -dce -gvn -mem2reg -instcombine -dce -adse -loop-bound -instcombine -cfgopt -simplifycfg -loop-simplify -clean-region -io-protocol -find-region -mem2reg -bitop-raise -inst-simplify -inst-rectify -instcombine -adce -deadargelim -loop-simplify -phi-opt -bitop-raise -cfgopt -simplifycfg -strip-dead-prototypes -interface-lower -bitop-lower -intrinsic-lower -auto-function-inline -basicaa -aggrmodref-aa -globalsmodref-aa -aggr-aa -inst-simplify -simplifycfg -loop-simplify -mergereturn -inst-simplify -inst-rectify -dce -bitop-lower -loop-rewind -pointer-simplify -dce -cfgopt -read-loop-dep -dce -bitwidth -loop-dep -norm-name -legalize -cdfg-build C:/Users/alienBot/Documents/GitHub/DCT_base/DCT_base/DCT/.autopilot/db/a.o.2.bc -o C:/Users/alienBot/Documents/GitHub/DCT_base/DCT_base/DCT/.autopilot/db/a.o.3.bc -f -phase build-ssdm 
@W [XFORM-561] 'Loop-1' (sc_FIFO_IDCT.cpp:79:9) in function 'sc_FIFO_IDCT::Prc2' is an infinite loop.
@W [XFORM-561] 'Loop-1' (sc_FIFO_IDCT.cpp:53:18) in function 'sc_FIFO_IDCT::Prc1' is an infinite loop.
@W [XFORM-561] 'Loop-1' (sc_FIFO_DCT.cpp:79:9) in function 'sc_FIFO_DCT::Prc2' is an infinite loop.
@W [XFORM-561] 'Loop-1' (sc_FIFO_DCT.cpp:54:18) in function 'sc_FIFO_DCT::Prc1' is an infinite loop.
@W [XFORM-561] 'Loop-1' (imager_512.cpp:14:17) in function 'imager_512::imager_buffer' is an infinite loop.
@W [XFORM-561] 'Loop-1' (imager_512.cpp:37:17) in function 'imager_512::imager_512_main' is an infinite loop.
@W [XFORM-561] 'Loop-1' (blocker_512.cpp:16:17) in function 'blocker_512::blocker_buffer' is an infinite loop.
@W [XFORM-561] 'Loop-1' (blocker_512.cpp:39:17) in function 'blocker_512::blocker_512_main' is an infinite loop.
@I [HLS-100] Command         transform returned 0; 1.179 sec.
@I [HLS-100] Execute         disassemble C:/Users/alienBot/Documents/GitHub/DCT_base/DCT_base/DCT/.autopilot/db/a.o.3 C:/Users/alienBot/Documents/GitHub/DCT_base/DCT_base/DCT/.autopilot/db/a.o.3 
@I [HLS-100] Execute           is_encrypted C:/Users/alienBot/Documents/GitHub/DCT_base/DCT_base/DCT/.autopilot/db/a.o.3.bc 
@I [HLS-100] Command           is_encrypted returned 0; 0.006 sec.
@I [HLS-100] Command         disassemble returned 0; 0.094 sec.
@I [HLS-111] Finished Architecture Synthesis Time (s): cpu = 00:00:15 ; elapsed = 00:03:25 . Memory (MB): peak = 291.617 ; gain = 242.785
@I [HLS-0] Finish building internal data model.
@I [HLS-100] Command       opt_and_import_c returned 0; 5.274 sec.
@I [HLS-100] Command     elaborate returned 0; 203.376 sec.
@I [HLS-100] Execute     autosyn 
@I [HLS-10] Starting hardware synthesis ...
@I [HLS-0] Synthesizing SystemC design ...
@I [HLS-100] Execute       sc_get_modules -debug main 
@E [SCA-203] Cannot find top module 'main', please check the specified module name.
@I [HLS-100] Command       sc_get_modules returned 1; 0 sec.
command 'sc_get_modules' returned error code
@I [HLS-100] Command     autosyn returned 2; 0.005 sec.
@I [HLS-100] Command   csynth_design returned 2; 203.384 sec.
@I [HLS-100] Command ap_source returned 1; 204.106 sec.
SystemC analyzing failed
    while executing
"source C:/Users/alienBot/Documents/GitHub/DCT_base/DCT_base/DCT/csynth.tcl"
    invoked from within
"hls::main C:/Users/alienBot/Documents/GitHub/DCT_base/DCT_base/DCT/csynth.tcl"
    ("uplevel" body line 1)
    invoked from within
"uplevel 1 hls::main {*}$args"
    (procedure "hls_proc" line 5)
    invoked from within
"hls_proc $argv"
@I [HLS-100] Execute cleanup_all 
@I [HLS-100] Command cleanup_all returned 0; 0.015 sec.
